[2026-05-25T20:53:26.9464182-03:00] Importing NYC_DA1 from DA1_3D_Buildings_Merged.gml...
[2026-05-25T20:54:17.0685307-03:00] Transforming NYC_DA1 EPSG:2263 -> EPSG:4326...
UPDATE 203120
UPDATE 222528
[2026-05-25T20:54:29.3259936-03:00] Finished NYC_DA1.
[2026-05-25T20:54:29.6180163-03:00] Importing NYC_DA2 from DA2_3D_Buildings_Merged.gml...
[2026-05-25T20:55:24.1844396-03:00] Transforming NYC_DA2 EPSG:2263 -> EPSG:4326...
UPDATE 207790
UPDATE 231138
[2026-05-25T20:55:39.3954973-03:00] Finished NYC_DA2.
[2026-05-25T20:55:40.1454451-03:00] Importing NYC_DA3 from DA3_3D_Buildings_Merged.gml...
[2026-05-25T20:56:22.9768561-03:00] Transforming NYC_DA3 EPSG:2263 -> EPSG:4326...
UPDATE 208328
UPDATE 229246
[2026-05-25T20:56:35.8386980-03:00] Finished NYC_DA3.
[2026-05-25T20:56:36.0925083-03:00] Skipping NYC_DA4 (174878 features already imported).
[2026-05-25T20:56:36.3310690-03:00] Importing NYC_DA5 from DA5_3D_Buildings_Merged.gml...
[2026-05-25T20:58:05.7152571-03:00] Transforming NYC_DA5 EPSG:2263 -> EPSG:4326...
UPDATE 373883
UPDATE 407965
[2026-05-25T20:58:35.4117768-03:00] Finished NYC_DA5.
[2026-05-25T20:58:36.1845980-03:00] Importing NYC_DA6 from DA6_3D_Buildings_Merged.gml...
[2026-05-25T21:01:22.5916050-03:00] Transforming NYC_DA6 EPSG:2263 -> EPSG:4326...
UPDATE 556260
UPDATE 609333
[2026-05-25T21:02:05.8746672-03:00] Finished NYC_DA6.
[2026-05-25T21:02:06.8755522-03:00] Importing NYC_DA7 from DA7_3D_Buildings_Merged.gml...
[2026-05-25T21:04:51.3877719-03:00] Transforming NYC_DA7 EPSG:2263 -> EPSG:4326...
UPDATE 713260
UPDATE 784638
[2026-05-25T21:05:46.5375472-03:00] Finished NYC_DA7.
[2026-05-25T21:05:47.8771398-03:00] Importing NYC_DA8 from DA8_3D_Buildings_Merged.gml...
[2026-05-25T21:08:04.8889262-03:00] Transforming NYC_DA8 EPSG:2263 -> EPSG:4326...
UPDATE 689079
UPDATE 755356
[2026-05-25T21:09:08.7153780-03:00] Finished NYC_DA8.
[2026-05-25T21:09:09.7804696-03:00] Importing NYC_DA9 from DA9_3D_Buildings_Merged.gml...
[2026-05-25T21:11:51.4035967-03:00] Transforming NYC_DA9 EPSG:2263 -> EPSG:4326...
UPDATE 681520
UPDATE 740754
[2026-05-25T21:13:01.7430883-03:00] Finished NYC_DA9.
[2026-05-25T21:13:03.3619033-03:00] Importing NYC_DA10 from DA10_3D_Buildings_Merged.gml...
[2026-05-25T21:15:40.3115330-03:00] Transforming NYC_DA10 EPSG:2263 -> EPSG:4326...
UPDATE 562980
UPDATE 612827
[2026-05-25T21:16:41.7125301-03:00] Finished NYC_DA10.
[2026-05-25T21:16:43.2962872-03:00] Importing NYC_DA11 from DA11_3D_Buildings_Merged.gml...
[2026-05-25T21:20:37.4799353-03:00] Transforming NYC_DA11 EPSG:2263 -> EPSG:4326...
UPDATE 675691
UPDATE 735366
[2026-05-25T21:22:26.3853616-03:00] Finished NYC_DA11.
[2026-05-25T21:22:30.0592015-03:00] Importing NYC_DA12 from DA12_3D_Buildings_Merged.gml...
[2026-05-25T21:26:01.2012595-03:00] Transforming NYC_DA12 EPSG:2263 -> EPSG:4326...
UPDATE 609730
UPDATE 633768
[2026-05-25T21:27:16.7863408-03:00] Finished NYC_DA12.
[2026-05-25T21:27:22.9174720-03:00] Importing NYC_DA13 from DA13_3D_Buildings_Merged.gml...
[2026-05-25T21:30:43.8197845-03:00] Transforming NYC_DA13 EPSG:2263 -> EPSG:4326...
UPDATE 609281
UPDATE 633058
[2026-05-25T21:32:02.9718919-03:00] Finished NYC_DA13.
[2026-05-25T21:32:06.9316732-03:00] Importing NYC_DA14 from DA14_3D_Buildings_Merged.gml...
[2026-05-25T21:35:33.7158756-03:00] Transforming NYC_DA14 EPSG:2263 -> EPSG:4326...
UPDATE 523502
UPDATE 561023
[2026-05-25T21:36:50.3039151-03:00] Finished NYC_DA14.
[2026-05-25T21:36:57.1112709-03:00] Importing NYC_DA15 from DA15_3D_Buildings_Merged.gml...
