#< CLIXML
[23:53:28 INFO] Starting citydb-tool, version 1.3.1.
[23:53:28 INFO] Loading plugins...
[23:53:28 INFO] Executing 'import citygml' command.
[23:53:30 INFO] Found 1 file(s) at /nycity/DA_WISE_GMLs/DA1_3D_Buildings_Merged.gml.
[23:53:30 INFO] Connecting to database citydb@localhost:5432/citydb.
[23:53:30 INFO] 3D City Database: 5.1.3
[23:53:30 INFO] DBMS: PostgreSQL 18.3 (PostGIS 3.6.2, SFCGAL n/a)
[23:53:30 INFO] Connection: citydb@localhost:5432/citydb
[23:53:30 INFO] Schema: citydb
[23:53:30 INFO] SRID: 4326
[23:53:30 INFO] SRS name: WGS 84
[23:53:30 INFO] SRS URI: urn:ogc:def:crs:EPSG::4326
[23:53:30 INFO] Changelog: enabled
[23:53:30 INFO] Database indexes are on.
[23:53:30 INFO] [1|1] Importing file /nycity/DA_WISE_GMLs/DA1_3D_Buildings_Merged.gml.
[23:53:53 INFO] 1000 features processed.
[23:53:55 INFO] 2000 features processed.
[23:53:56 INFO] 3000 features processed.
[23:53:58 INFO] 4000 features processed.
[23:53:59 INFO] 5000 features processed.
[23:54:00 INFO] 6000 features processed.
[23:54:02 INFO] 7000 features processed.
[23:54:03 INFO] 8000 features processed.
[23:54:04 INFO] 9000 features processed.
[23:54:05 INFO] 10000 features processed.
[23:54:06 INFO] 11000 features processed.
[23:54:07 INFO] 12000 features processed.
[23:54:08 INFO] 13000 features processed.
[23:54:09 INFO] 14000 features processed.
[23:54:10 INFO] 15000 features processed.
[23:54:11 INFO] 16000 features processed.
[23:54:14 INFO] 17000 features processed.
[23:54:15 INFO] 18000 features processed.
[23:54:16 INFO] 19000 features processed.
[23:54:16 INFO] Import summary:
[23:54:16 INFO] bldg:Building: 19408
[23:54:16 INFO] con:GroundSurface: 19423
[23:54:16 INFO] con:RoofSurface: 28023
[23:54:16 INFO] con:WallSurface: 155674
[23:54:16 INFO] Total execution time: 48 s.
[23:54:16 INFO] citydb successfully completed.
[23:54:31 INFO] Starting citydb-tool, version 1.3.1.
[23:54:31 INFO] Loading plugins...
[23:54:31 INFO] Executing 'import citygml' command.
[23:54:32 INFO] Found 1 file(s) at /nycity/DA_WISE_GMLs/DA2_3D_Buildings_Merged.gml.
[23:54:32 INFO] Connecting to database citydb@localhost:5432/citydb.
[23:54:33 INFO] 3D City Database: 5.1.3
[23:54:33 INFO] DBMS: PostgreSQL 18.3 (PostGIS 3.6.2, SFCGAL n/a)
[23:54:33 INFO] Connection: citydb@localhost:5432/citydb
[23:54:33 INFO] Schema: citydb
[23:54:33 INFO] SRID: 4326
[23:54:33 INFO] SRS name: WGS 84
[23:54:33 INFO] SRS URI: urn:ogc:def:crs:EPSG::4326
[23:54:33 INFO] Changelog: enabled
[23:54:33 INFO] Database indexes are on.
[23:54:33 INFO] [1|1] Importing file /nycity/DA_WISE_GMLs/DA2_3D_Buildings_Merged.gml.
[23:54:53 INFO] 1000 features processed.
[23:54:55 INFO] 2000 features processed.
[23:54:57 INFO] 3000 features processed.
[23:54:58 INFO] 4000 features processed.
[23:54:59 INFO] 5000 features processed.
[23:55:01 INFO] 6000 features processed.
[23:55:02 INFO] 7000 features processed.
[23:55:03 INFO] 8000 features processed.
[23:55:05 INFO] 9000 features processed.
[23:55:06 INFO] 10000 features processed.
[23:55:07 INFO] 11000 features processed.
[23:55:08 INFO] 12000 features processed.
[23:55:10 INFO] 13000 features processed.
[23:55:11 INFO] 14000 features processed.
[23:55:12 INFO] 15000 features processed.
[23:55:13 INFO] 16000 features processed.
[23:55:15 INFO] 17000 features processed.
[23:55:16 INFO] 18000 features processed.
[23:55:17 INFO] 19000 features processed.
[23:55:18 INFO] 20000 features processed.
[23:55:20 INFO] 21000 features processed.
[23:55:21 INFO] 22000 features processed.
[23:55:22 INFO] 23000 features processed.
[23:55:23 INFO] Import summary:
[23:55:23 INFO] bldg:Building: 23348
[23:55:23 INFO] con:GroundSurface: 23351
[23:55:23 INFO] con:RoofSurface: 31780
[23:55:23 INFO] con:WallSurface: 152659
[23:55:23 INFO] Total execution time: 52 s.
[23:55:23 INFO] citydb successfully completed.
<Objs Version="1.1.0.1" xmlns="http://schemas.microsoft.com/powershell/2004/04"><Obj S="progress" RefId="0"><TN RefId="0"><T>System.Management.Automation.PSCustomObject</T><T>System.Object</T></TN><MS><I64 N="SourceId">1</I64><PR N="Record"><AV>Preparing modules for first use.</AV><AI>0</AI><Nil /><PI>-1</PI><PC>-1</PC><T>Completed</T><SR>-1</SR><SD> </SD></PR></MS></Obj><Obj S="progress" RefId="1"><TNRef RefId="0" /><MS><I64 N="SourceId">1</I64><PR N="Record"><AV>Preparing modules for first use.</AV><AI>0</AI><Nil /><PI>-1</PI><PC>-1</PC><T>Completed</T><SR>-1</SR><SD> </SD></PR></MS></Obj><Obj S="information" RefId="2"><TN RefId="1"><T>System.Management.Automation.InformationRecord</T><T>System.Object</T></TN><ToString>[2026-05-25T20:53:26.9464182-03:00] Importing NYC_DA1 from DA1_3D_Buildings_Merged.gml...</ToString><Props><Obj N="MessageData" RefId="3"><TN RefId="2"><T>System.Management.Automation.HostInformationMessage</T><T>System.Object</T></TN><ToString>[2026-05-25T20:53:26.9464182-03:00] Importing NYC_DA1 from DA1_3D_Buildings_Merged.gml...</ToString><Props><S N="Message">[2026-05-25T20:53:26.9464182-03:00] Importing NYC_DA1 from DA1_3D_Buildings_Merged.gml...</S><B N="NoNewLine">false</B><S N="ForegroundColor">DarkYellow</S><S N="BackgroundColor">DarkMagenta</S></Props></Obj><S N="Source">Write-Host</S><DT N="TimeGenerated">2026-05-25T20:53:26.9501717-03:00</DT><Obj N="Tags" RefId="4"><TN RefId="3"><T>System.Collections.Generic.List`1[[System.String, mscorlib, Version=4.0.0.0, Culture=neutral, PublicKeyToken=b77a5c561934e089]]</T><T>System.Object</T></TN><LST><S>PSHOST</S></LST></Obj><S N="User">MSI\alexi</S><S N="Computer">MSI</S><U32 N="ProcessId">3596</U32><U32 N="NativeThreadId">21208</U32><U32 N="ManagedThreadId">16</U32></Props></Obj><Obj S="information" RefId="5"><TNRef RefId="1" /><ToString>[2026-05-25T20:54:17.0685307-03:00] Transforming NYC_DA1 EPSG:2263 -&gt; EPSG:4326...</ToString><Props><Obj N="MessageData" RefId="6"><TNRef RefId="2" /><ToString>[2026-05-25T20:54:17.0685307-03:00] Transforming NYC_DA1 EPSG:2263 -&gt; EPSG:4326...</ToString><Props><S N="Message">[2026-05-25T20:54:17.0685307-03:00] Transforming NYC_DA1 EPSG:2263 -&gt; EPSG:4326...</S><B N="NoNewLine">false</B><S N="ForegroundColor">DarkYellow</S><S N="BackgroundColor">DarkMagenta</S></Props></Obj><S N="Source">Write-Host</S><DT N="TimeGenerated">2026-05-25T20:54:17.0685307-03:00</DT><Obj N="Tags" RefId="7"><TNRef RefId="3" /><LST><S>PSHOST</S></LST></Obj><S N="User">MSI\alexi</S><S N="Computer">MSI</S><U32 N="ProcessId">3596</U32><U32 N="NativeThreadId">21208</U32><U32 N="ManagedThreadId">16</U32></Props></Obj><Obj S="information" RefId="8"><TNRef RefId="1" /><ToString>[2026-05-25T20:54:29.3259936-03:00] Finished NYC_DA1.</ToString><Props><Obj N="MessageData" RefId="9"><TNRef RefId="2" /><ToString>[2026-05-25T20:54:29.3259936-03:00] Finished NYC_DA1.</ToString><Props><S N="Message">[2026-05-25T20:54:29.3259936-03:00] Finished NYC_DA1.</S><B N="NoNewLine">false</B><S N="ForegroundColor">DarkYellow</S><S N="BackgroundColor">DarkMagenta</S></Props></Obj><S N="Source">Write-Host</S><DT N="TimeGenerated">2026-05-25T20:54:29.3259936-03:00</DT><Obj N="Tags" RefId="10"><TNRef RefId="3" /><LST><S>PSHOST</S></LST></Obj><S N="User">MSI\alexi</S><S N="Computer">MSI</S><U32 N="ProcessId">3596</U32><U32 N="NativeThreadId">21208</U32><U32 N="ManagedThreadId">16</U32></Props></Obj><Obj S="information" RefId="11"><TNRef RefId="1" /><ToString>[2026-05-25T20:54:29.6180163-03:00] Importing NYC_DA2 from DA2_3D_Buildings_Merged.gml...</ToString><Props><Obj N="MessageData" RefId="12"><TNRef RefId="2" /><ToString>[2026-05-25T20:54:29.6180163-03:00] Importing NYC_DA2 from DA2_3D_Buildings_Merged.gml...</ToString><Props><S N="Message">[2026-05-25T20:54:29.6180163-03:00] Importing NYC_DA2 from DA2_3D_Buildings_Merged.gml...</S><B N="NoNewLine">false</B><S N="ForegroundColor">DarkYellow</S><S N="BackgroundColor">DarkMagenta</S></Props></Obj><S N="Source">Write-Host</S><DT N="TimeGenerated">2026-05-25T20:54:29.6180163-03:00</DT><Obj N="Tags" RefId="13"><TNRef RefId="3" /><LST><S>PSHOST</S></LST></Obj><S N="User">MSI\alexi</S><S N="Computer">MSI</S><U32 N="ProcessId">3596</U32><U32 N="NativeThreadId">21208</U32><U32 N="ManagedThreadId">16</U32></Props></Obj><Obj S="information" RefId="14"><TNRef RefId="1" /><ToString>[2026-05-25T20:55:24.1844396-03:00] Transforming NYC_DA2 EPSG:2263 -&gt; EPSG:4326...</ToString><Props><Obj N="MessageData" RefId="15"><TNRef RefId="2" /><ToString>[2026-05-25T20:55:24.1844396-03:00] Transforming NYC_DA2 EPSG:2263 -&gt; EPSG:4326...</ToString><Props><S N="Message">[2026-05-25T20:55:24.1844396-03:00] Transforming NYC_DA2 EPSG:2263 -&gt; EPSG:4326...</S><B N="NoNewLine">false</B><S N="ForegroundColor">DarkYellow</S><S N="BackgroundColor">DarkMagenta</S></Props></Obj><S N="Source">Write-Host</S><DT N="TimeGenerated">2026-05-25T20:55:24.1844396-03:00</DT><Obj N="Tags" RefId="16"><TNRef RefId="3" /><LST><S>PSHOST</S></LST></Obj><S N="User">MSI\alexi</S><S N="Computer">MSI</S><U32 N="ProcessId">3596</U32><U32 N="NativeThreadId">21208</U32><U32 N="ManagedThreadId">16</U32></Props></Obj><Obj S="information" RefId="17"><TNRef RefId="1" /><ToString>[2026-05-25T20:55:39.3954973-03:00] Finished NYC_DA2.</ToString><Props><Obj N="MessageData" RefId="18"><TNRef RefId="2" /><ToString>[2026-05-25T20:55:39.3954973-03:00] Finished NYC_DA2.</ToString><Props><S N="Message">[2026-05-25T20:55:39.3954973-03:00] Finished NYC_DA2.</S><B N="NoNewLine">false</B><S N="ForegroundColor">DarkYellow</S><S N="BackgroundColor">DarkMagenta</S></Props></Obj><S N="Source">Write-Host</S><DT N="TimeGenerated">2026-05-25T20:55:39.3954973-03:00</DT><Obj N="Tags" RefId="19"><TNRef RefId="3" /><LST><S>PSHOST</S></LST></Obj><S N="User">MSI\alexi</S><S N="Computer">MSI</S><U32 N="ProcessId">3596</U32><U32 N="NativeThreadId">21208</U32><U32 N="ManagedThreadId">16</U32></Props></Obj><Obj S="information" RefId="20"><TNRef RefId="1" /><ToString>[2026-05-25T20:55:40.1454451-03:00] Importing NYC_DA3 from DA3_3D_Buildings_Merged.gml...</ToString><Props><Obj N="MessageData" RefId="21"><TNRef R[23:55:42 INFO] Starting citydb-tool, version 1.3.1.
[23:55:42 INFO] Loading plugins...
[23:55:42 INFO] Executing 'import citygml' command.
[23:55:43 INFO] Found 1 file(s) at /nycity/DA_WISE_GMLs/DA3_3D_Buildings_Merged.gml.
[23:55:43 INFO] Connecting to database citydb@localhost:5432/citydb.
[23:55:43 INFO] 3D City Database: 5.1.3
[23:55:43 INFO] DBMS: PostgreSQL 18.3 (PostGIS 3.6.2, SFCGAL n/a)
[23:55:43 INFO] Connection: citydb@localhost:5432/citydb
[23:55:43 INFO] Schema: citydb
[23:55:43 INFO] SRID: 4326
[23:55:43 INFO] SRS name: WGS 84
[23:55:43 INFO] SRS URI: urn:ogc:def:crs:EPSG::4326
[23:55:43 INFO] Changelog: enabled
[23:55:43 INFO] Database indexes are on.
[23:55:43 INFO] [1|1] Importing file /nycity/DA_WISE_GMLs/DA3_3D_Buildings_Merged.gml.
[23:55:58 INFO] 1000 features processed.
[23:55:59 INFO] 2000 features processed.
[23:56:00 INFO] 3000 features processed.
[23:56:02 INFO] 4000 features processed.
[23:56:02 INFO] 5000 features processed.
[23:56:04 INFO] 6000 features processed.
[23:56:05 INFO] 7000 features processed.
[23:56:06 INFO] 8000 features processed.
[23:56:07 INFO] 9000 features processed.
[23:56:08 INFO] 10000 features processed.
[23:56:10 INFO] 11000 features processed.
[23:56:11 INFO] 12000 features processed.
[23:56:12 INFO] 13000 features processed.
[23:56:13 INFO] 14000 features processed.
[23:56:14 INFO] 15000 features processed.
[23:56:16 INFO] 16000 features processed.
[23:56:17 INFO] 17000 features processed.
[23:56:18 INFO] 18000 features processed.
[23:56:19 INFO] 19000 features processed.
[23:56:20 INFO] 20000 features processed.
[23:56:22 INFO] Import summary:
[23:56:22 INFO] bldg:Building: 20918
[23:56:22 INFO] con:GroundSurface: 20931
[23:56:22 INFO] con:RoofSurface: 27490
[23:56:22 INFO] con:WallSurface: 159907
[23:56:22 INFO] Total execution time: 40 s.
[23:56:22 INFO] citydb successfully completed.
[23:56:37 INFO] Starting citydb-tool, version 1.3.1.
[23:56:37 INFO] Loading plugins...
[23:56:37 INFO] Executing 'import citygml' command.
[23:56:39 INFO] Found 1 file(s) at /nycity/DA_WISE_GMLs/DA5_3D_Buildings_Merged.gml.
[23:56:39 INFO] Connecting to database citydb@localhost:5432/citydb.
[23:56:39 INFO] 3D City Database: 5.1.3
[23:56:39 INFO] DBMS: PostgreSQL 18.3 (PostGIS 3.6.2, SFCGAL n/a)
[23:56:39 INFO] Connection: citydb@localhost:5432/citydb
[23:56:39 INFO] Schema: citydb
[23:56:39 INFO] SRID: 4326
[23:56:39 INFO] SRS name: WGS 84
[23:56:39 INFO] SRS URI: urn:ogc:def:crs:EPSG::4326
[23:56:39 INFO] Changelog: enabled
[23:56:39 INFO] Database indexes are on.
[23:56:39 INFO] [1|1] Importing file /nycity/DA_WISE_GMLs/DA5_3D_Buildings_Merged.gml.
[23:57:07 INFO] 1000 features processed.
[23:57:09 INFO] 2000 features processed.
[23:57:13 INFO] 3000 features processed.
[23:57:14 INFO] 4000 features processed.
[23:57:15 INFO] 5000 features processed.
[23:57:17 INFO] 6000 features processed.
[23:57:18 INFO] 7000 features processed.
[23:57:19 INFO] 8000 features processed.
[23:57:20 INFO] 9000 features processed.
[23:57:22 INFO] 10000 features processed.
[23:57:23 INFO] 11000 features processed.
[23:57:24 INFO] 12000 features processed.
[23:57:26 INFO] 13000 features processed.
[23:57:27 INFO] 14000 features processed.
[23:57:28 INFO] 15000 features processed.
[23:57:30 INFO] 16000 features processed.
[23:57:32 INFO] 17000 features processed.
[23:57:33 INFO] 18000 features processed.
[23:57:35 INFO] 19000 features processed.
[23:57:35 INFO] 20000 features processed.
[23:57:37 INFO] 21000 features processed.
[23:57:40 INFO] 22000 features processed.
[23:57:43 INFO] 23000 features processed.
[23:57:44 INFO] 24000 features processed.
[23:57:46 INFO] 25000 features processed.
[23:57:48 INFO] 26000 features processed.
[23:57:50 INFO] 27000 features processed.
[23:57:52 INFO] 28000 features processed.
[23:57:56 INFO] 29000 features processed.
[23:57:57 INFO] 30000 features processed.
[23:57:59 INFO] 31000 features processed.
[23:58:01 INFO] 32000 features processed.
[23:58:03 INFO] 33000 features processed.
[23:58:04 INFO] 34000 features processed.
[23:58:05 INFO] Import summary:
[23:58:05 INFO] bldg:Building: 34082
[23:58:05 INFO] con:GroundSurface: 34095
[23:58:05 INFO] con:RoofSurface: 48828
[23:58:05 INFO] con:WallSurface: 290960
[23:58:05 INFO] Total execution time: 01 m, 27 s.
[23:58:05 INFO] citydb successfully completed.
efId="2" /><ToString>[2026-05-25T20:55:40.1454451-03:00] Importing NYC_DA3 from DA3_3D_Buildings_Merged.gml...</ToString><Props><S N="Message">[2026-05-25T20:55:40.1454451-03:00] Importing NYC_DA3 from DA3_3D_Buildings_Merged.gml...</S><B N="NoNewLine">false</B><S N="ForegroundColor">DarkYellow</S><S N="BackgroundColor">DarkMagenta</S></Props></Obj><S N="Source">Write-Host</S><DT N="TimeGenerated">2026-05-25T20:55:40.1454451-03:00</DT><Obj N="Tags" RefId="22"><TNRef RefId="3" /><LST><S>PSHOST</S></LST></Obj><S N="User">MSI\alexi</S><S N="Computer">MSI</S><U32 N="ProcessId">3596</U32><U32 N="NativeThreadId">21208</U32><U32 N="ManagedThreadId">16</U32></Props></Obj><Obj S="information" RefId="23"><TNRef RefId="1" /><ToString>[2026-05-25T20:56:22.9768561-03:00] Transforming NYC_DA3 EPSG:2263 -&gt; EPSG:4326...</ToString><Props><Obj N="MessageData" RefId="24"><TNRef RefId="2" /><ToString>[2026-05-25T20:56:22.9768561-03:00] Transforming NYC_DA3 EPSG:2263 -&gt; EPSG:4326...</ToString><Props><S N="Message">[2026-05-25T20:56:22.9768561-03:00] Transforming NYC_DA3 EPSG:2263 -&gt; EPSG:4326...</S><B N="NoNewLine">false</B><S N="ForegroundColor">DarkYellow</S><S N="BackgroundColor">DarkMagenta</S></Props></Obj><S N="Source">Write-Host</S><DT N="TimeGenerated">2026-05-25T20:56:22.9768561-03:00</DT><Obj N="Tags" RefId="25"><TNRef RefId="3" /><LST><S>PSHOST</S></LST></Obj><S N="User">MSI\alexi</S><S N="Computer">MSI</S><U32 N="ProcessId">3596</U32><U32 N="NativeThreadId">21208</U32><U32 N="ManagedThreadId">16</U32></Props></Obj><Obj S="information" RefId="26"><TNRef RefId="1" /><ToString>[2026-05-25T20:56:35.8386980-03:00] Finished NYC_DA3.</ToString><Props><Obj N="MessageData" RefId="27"><TNRef RefId="2" /><ToString>[2026-05-25T20:56:35.8386980-03:00] Finished NYC_DA3.</ToString><Props><S N="Message">[2026-05-25T20:56:35.8386980-03:00] Finished NYC_DA3.</S><B N="NoNewLine">false</B><S N="ForegroundColor">DarkYellow</S><S N="BackgroundColor">DarkMagenta</S></Props></Obj><S N="Source">Write-Host</S><DT N="TimeGenerated">2026-05-25T20:56:35.838698-03:00</DT><Obj N="Tags" RefId="28"><TNRef RefId="3" /><LST><S>PSHOST</S></LST></Obj><S N="User">MSI\alexi</S><S N="Computer">MSI</S><U32 N="ProcessId">3596</U32><U32 N="NativeThreadId">21208</U32><U32 N="ManagedThreadId">16</U32></Props></Obj><Obj S="information" RefId="29"><TNRef RefId="1" /><ToString>[2026-05-25T20:56:36.0925083-03:00] Skipping NYC_DA4 (174878 features already imported).</ToString><Props><Obj N="MessageData" RefId="30"><TNRef RefId="2" /><ToString>[2026-05-25T20:56:36.0925083-03:00] Skipping NYC_DA4 (174878 features already imported).</ToString><Props><S N="Message">[2026-05-25T20:56:36.0925083-03:00] Skipping NYC_DA4 (174878 features already imported).</S><B N="NoNewLine">false</B><S N="ForegroundColor">DarkYellow</S><S N="BackgroundColor">DarkMagenta</S></Props></Obj><S N="Source">Write-Host</S><DT N="TimeGenerated">2026-05-25T20:56:36.0925083-03:00</DT><Obj N="Tags" RefId="31"><TNRef RefId="3" /><LST><S>PSHOST</S></LST></Obj><S N="User">MSI\alexi</S><S N="Computer">MSI</S><U32 N="ProcessId">3596</U32><U32 N="NativeThreadId">21208</U32><U32 N="ManagedThreadId">16</U32></Props></Obj><Obj S="information" RefId="32"><TNRef RefId="1" /><ToString>[2026-05-25T20:56:36.3310690-03:00] Importing NYC_DA5 from DA5_3D_Buildings_Merged.gml...</ToString><Props><Obj N="MessageData" RefId="33"><TNRef RefId="2" /><ToString>[2026-05-25T20:56:36.3310690-03:00] Importing NYC_DA5 from DA5_3D_Buildings_Merged.gml...</ToString><Props><S N="Message">[2026-05-25T20:56:36.3310690-03:00] Importing NYC_DA5 from DA5_3D_Buildings_Merged.gml...</S><B N="NoNewLine">false</B><S N="ForegroundColor">DarkYellow</S><S N="BackgroundColor">DarkMagenta</S></Props></Obj><S N="Source">Write-Host</S><DT N="TimeGenerated">2026-05-25T20:56:36.332574-03:00</DT><Obj N="Tags" RefId="34"><TNRef RefId="3" /><LST><S>PSHOST</S></LST></Obj><S N="User">MSI\alexi</S><S N="Computer">MSI</S><U32 N="ProcessId">3596</U32><U32 N="NativeThreadId">21208</U32><U32 N="ManagedThreadId">16</U32></Props></Obj><Obj S="information" RefId="35"><TNRef RefId="1" /><ToString>[2026-05-25T20:58:05.7152571-03:00] Transforming NYC_DA5 EPSG:2263 -&gt; EPSG:4326...</ToString><Props><Obj N="MessageData" RefId="36"><TNRef RefId="2" /><ToString>[2026-05-25T20:58:05.7152571-03:00] Transforming NYC_DA5 EPSG:2263 -&gt; EPSG:4326...</ToString><Props><S N="Message">[2026-05-25T20:58:05.7152571-03:00] Transforming NYC_DA5 EPSG:2263 -&gt; EPSG:4326...</S><B N="NoNewLine">false</B><S N="ForegroundColor">DarkYellow</S><S N="BackgroundColor">DarkMagenta</S></Props></Obj><S N="Source">Write-Host</S><DT N="TimeGenerated">2026-05-25T20:58:05.7152571-03:00</DT><Obj N="Tags" RefId="37"><TNRef RefId="3" /><LST><S>PSHOST</S></LST></Obj><S N="User">MSI\alexi</S><S N="Computer">MSI</S><U32 N="ProcessId">3596</U32><U32 N="NativeThreadId">21208</U32><U32 N="ManagedThreadId">16</U32></Props></Obj><Obj S="information" RefId="38"><TNRef RefId="1" /><ToString>[2026-05-25T20:58:35.4117768-03:00] Finished NYC_DA5.</ToString><Props><Obj N="MessageData" RefId="39"><TNRef RefId="2" /><ToString>[2026-05-25T20:58:35.4117768-03:00] Finished NYC_DA5.</ToString><Props><S N="Message">[2026-05-25T20:58:35.4117768-03:00] Finished NYC_DA5.</S><B N="NoNewLine">false</B><S N="ForegroundColor">DarkYellow</S><S N="BackgroundColor">DarkMagenta</S></Props></Obj><S N="Source">Write-Host</S><DT N="TimeGenerated">2026-05-25T20:58:35.4127746-03:00</DT><Obj N="Tags" RefId="40"><TNRef RefId="3" /><LST><S>PSHOST</S></LST></Obj><S N="User">MSI\alexi</S><S N="Computer">MSI</S><U32 N="ProcessId">3596</U32><U32 N="NativeThreadId">21208</U32><U32 N="ManagedThreadId">16</U32></Props></Obj><Obj S="information" RefId="41"><TNRef RefId="1" /><ToString>[2026-05-25T20:58:36.1845980-03:00] Importing NYC_DA6 from DA6_3D_Buildings_Merged.gml...</ToString><Props><Obj N="MessageData" RefId="42"><TNRef RefId="2" /><ToString>[2026-05-25T20:58:36.1845980-03:00] Importing NYC_DA6 from DA6_3D_Buildings_Merged.gml...</ToString><Props><S N="Message">[2026-05-25T20:58:36.1845980-03:00] Importing NYC_DA6 from DA6_3D_Buildings_Merged.gm[23:58:38 INFO] Starting citydb-tool, version 1.3.1.
[23:58:38 INFO] Loading plugins...
[23:58:38 INFO] Executing 'import citygml' command.
[23:58:39 INFO] Found 1 file(s) at /nycity/DA_WISE_GMLs/DA6_3D_Buildings_Merged.gml.
[23:58:39 INFO] Connecting to database citydb@localhost:5432/citydb.
[23:58:39 INFO] 3D City Database: 5.1.3
[23:58:39 INFO] DBMS: PostgreSQL 18.3 (PostGIS 3.6.2, SFCGAL n/a)
[23:58:39 INFO] Connection: citydb@localhost:5432/citydb
[23:58:39 INFO] Schema: citydb
[23:58:39 INFO] SRID: 4326
[23:58:39 INFO] SRS name: WGS 84
[23:58:39 INFO] SRS URI: urn:ogc:def:crs:EPSG::4326
[23:58:39 INFO] Changelog: enabled
[23:58:39 INFO] Database indexes are on.
[23:58:39 INFO] [1|1] Importing file /nycity/DA_WISE_GMLs/DA6_3D_Buildings_Merged.gml.
[23:59:37 INFO] 1000 features processed.
[23:59:40 INFO] 2000 features processed.
[23:59:43 INFO] 3000 features processed.
[23:59:47 INFO] 4000 features processed.
[23:59:50 INFO] 5000 features processed.
[23:59:51 INFO] 6000 features processed.
[23:59:53 INFO] 7000 features processed.
[23:59:56 INFO] 8000 features processed.
[23:59:57 INFO] 9000 features processed.
[23:59:59 INFO] 10000 features processed.
[00:00:04 INFO] 11000 features processed.
[00:00:07 INFO] 12000 features processed.
[00:00:09 INFO] 13000 features processed.
[00:00:10 INFO] 14000 features processed.
[00:00:12 INFO] 15000 features processed.
[00:00:13 INFO] 16000 features processed.
[00:00:15 INFO] 17000 features processed.
[00:00:17 INFO] 18000 features processed.
[00:00:18 INFO] 19000 features processed.
[00:00:19 INFO] 20000 features processed.
[00:00:21 INFO] 21000 features processed.
[00:00:25 INFO] 22000 features processed.
[00:00:27 INFO] 23000 features processed.
[00:00:30 INFO] 24000 features processed.
[00:00:33 INFO] 25000 features processed.
[00:00:35 INFO] 26000 features processed.
[00:00:36 INFO] 27000 features processed.
[00:00:37 INFO] 28000 features processed.
[00:00:38 INFO] 29000 features processed.
[00:00:40 INFO] 30000 features processed.
[00:00:41 INFO] 31000 features processed.
[00:00:43 INFO] 32000 features processed.
[00:00:44 INFO] 33000 features processed.
[00:00:45 INFO] 34000 features processed.
[00:00:46 INFO] 35000 features processed.
[00:00:47 INFO] 36000 features processed.
[00:00:48 INFO] 37000 features processed.
[00:00:50 INFO] 38000 features processed.
[00:00:51 INFO] 39000 features processed.
[00:00:53 INFO] 40000 features processed.
[00:00:55 INFO] 41000 features processed.
[00:00:57 INFO] 42000 features processed.
[00:00:59 INFO] 43000 features processed.
[00:01:01 INFO] 44000 features processed.
[00:01:03 INFO] 45000 features processed.
[00:01:07 INFO] 46000 features processed.
[00:01:09 INFO] 47000 features processed.
[00:01:12 INFO] 48000 features processed.
[00:01:14 INFO] 49000 features processed.
[00:01:16 INFO] 50000 features processed.
[00:01:18 INFO] 51000 features processed.
[00:01:20 INFO] 52000 features processed.
[00:01:21 INFO] 53000 features processed.
[00:01:22 INFO] Import summary:
[00:01:22 INFO] bldg:Building: 53073
[00:01:22 INFO] con:GroundSurface: 53090
[00:01:22 INFO] con:RoofSurface: 80256
[00:01:22 INFO] con:WallSurface: 422914
[00:01:22 INFO] Total execution time: 02 m, 44 s.
[00:01:22 INFO] citydb successfully completed.
[00:02:08 INFO] Starting citydb-tool, version 1.3.1.
[00:02:08 INFO] Loading plugins...
[00:02:08 INFO] Executing 'import citygml' command.
[00:02:10 INFO] Found 1 file(s) at /nycity/DA_WISE_GMLs/DA7_3D_Buildings_Merged.gml.
[00:02:10 INFO] Connecting to database citydb@localhost:5432/citydb.
[00:02:10 INFO] 3D City Database: 5.1.3
[00:02:10 INFO] DBMS: PostgreSQL 18.3 (PostGIS 3.6.2, SFCGAL n/a)
[00:02:10 INFO] Connection: citydb@localhost:5432/citydb
[00:02:10 INFO] Schema: citydb
[00:02:10 INFO] SRID: 4326
[00:02:10 INFO] SRS name: WGS 84
[00:02:10 INFO] SRS URI: urn:ogc:def:crs:EPSG::4326
[00:02:10 INFO] Changelog: enabled
[00:02:10 INFO] Database indexes are on.
[00:02:10 INFO] [1|1] Importing file /nycity/DA_WISE_GMLs/DA7_3D_Buildings_Merged.gml.
[00:03:02 INFO] 1000 features processed.
[00:03:05 INFO] 2000 features processed.
[00:03:07 INFO] 3000 features processed.
[00:03:09 INFO] 4000 features processed.
[00:03:11 INFO] 5000 features processed.
[00:03:13 INFO] 6000 features processed.
[00:03:14 INFO] 7000 features processed.
[00:03:16 INFO] 8000 features processed.
[00:03:18 INFO] 9000 features processed.
[00:03:20 INFO] 10000 features processed.
[00:03:21 INFO] 11000 features processed.
[00:03:23 INFO] 12000 features processed.
[00:03:24 INFO] 13000 features processed.
[00:03:25 INFO] 14000 features processed.
[00:03:27 INFO] 15000 features processed.
[00:03:28 INFO] 16000 features processed.
[00:03:30 INFO] 17000 features processed.
[00:03:31 INFO] 18000 features processed.
[00:03:32 INFO] 19000 features processed.
[00:03:33 INFO] 20000 features processed.
[00:03:34 INFO] 21000 features processed.
[00:03:36 INFO] 22000 features processed.
[00:03:37 INFO] 23000 features processed.
[00:03:38 INFO] 24000 features processed.
[00:03:38 INFO] 25000 features processed.
[00:03:40 INFO] 26000 features processed.
[00:03:41 INFO] 27000 features processed.
[00:03:43 INFO] 28000 features processed.
[00:03:44 INFO] 29000 features processed.
[00:03:45 INFO] 30000 features processed.
[00:03:49 INFO] 31000 features processed.
[00:03:51 INFO] 32000 features processed.
[00:03:52 INFO] 33000 features processed.
[00:03:53 INFO] 34000 features processed.
[00:03:55 INFO] 35000 features processed.
[00:03:57 INFO] 36000 features processed.
[00:03:59 INFO] 37000 features processed.
[00:04:00 INFO] 38000 features processed.
[00:04:02 INFO] 39000 features processed.
[00:04:05 INFO] 40000 features processed.
[00:04:07 INFO] 41000 features processed.
[00:04:08 INFO] 42000 features processed.
[00:04:10 INFO] 43000 features processed.
[00:04:11 INFO] 44000 features processed.
[00:04:13 INFO] 45000 features processed.
[00:04:14 INFO] 46000 features processed.
[00:04:16 INFO] 47000 features processed.
[00:04:17 INFO] 48000 features processed.
[00:04:18 INFO] 49000 features processed.
[00:04:19 INFO] 50000 features processed.
[00:04:21 INFO] 51000 features processed.
[00:04:22 INFO] 52000 features processed.
[00:04:23 INFO] 53000 features processed.
[00:04:25 INFO] 54000 features processed.
[00:04:26 INFO] 55000 features processed.
[00:04:27 INFO] 56000 features processed.
[00:04:29 INFO] 57000 features processed.
[00:04:30 INFO] 58000 features processed.
[00:04:32 INFO] 59000 features processed.
[00:04:33 INFO] 60000 features processed.
[00:04:34 INFO] 61000 features processed.
[00:04:36 INFO] 62000 features processed.
[00:04:37 INFO] 63000 features processed.
[00:04:38 INFO] 64000 features processed.
[00:04:40 INFO] 65000 features processed.
[00:04:41 INFO] 66000 features processed.
[00:04:43 INFO] 67000 features processed.
[00:04:45 INFO] 68000 features processed.
[00:04:47 INFO] 69000 features processed.
[00:04:48 INFO] 70000 features processed.
[00:04:49 INFO] 71000 features processed.
[00:04:50 INFO] Import summary:
[00:04:50 INFO] bldg:Building: 71378
[00:04:50 INFO] con:GroundSurface: 71382
[00:04:50 INFO] con:RoofSurface: 100325
[00:04:50 INFO] con:WallSurface: 541553
[00:04:50 INFO] Total execution time: 02 m, 42 s.
[00:04:50 INFO] citydb successfully completed.
[00:05:48 INFO] Starting citydb-tool, version 1.3.1.
[00:05:48 INFO] Loading plugins...
[00:05:48 INFO] Executing 'import citygml' command.
[00:05:50 INFO] Found 1 file(s) at /nycity/DA_WISE_GMLs/DA8_3D_Buildings_Merged.gml.
[00:05:50 INFO] Connecting to database citydb@localhost:5432/citydb.
[00:05:50 INFO] 3D City Database: 5.1.3
[00:05:50 INFO] DBMS: PostgreSQL 18.3 (PostGIS 3.6.2, SFCGAL n/a)
[00:05:50 INFO] Connection: citydb@localhost:5432/citydb
[00:05:50 INFO] Schema: citydb
[00:05:50 INFO] SRID: 4326
[00:05:50 INFO] SRS name: WGS 84
[00:05:50 INFO] SRS URI: urn:ogc:def:crs:EPSG::4326
[00:05:50 INFO] Changelog: enabled
[00:05:50 INFO] Database indexes are on.
[00:05:50 INFO] [1|1] Importing file /nycity/DA_WISE_GMLs/DA8_3D_Buildings_Merged.gml.
[00:06:35 INFO] 1000 features processed.
[00:06:36 INFO] 2000 features processed.
[00:06:37 INFO] 3000 features processed.
[00:06:39 INFO] 4000 features processed.
[00:06:39 INFO] 5000 features processed.
[00:06:40 INFO] 6000 features processed.
[00:06:42 INFO] 7000 features processed.
[00:06:43 INFO] 8000 features processed.
[00:06:44 INFO] 9000 features processed.
[00:06:45 INFO] 10000 features processed.
[00:06:46 INFO] 11000 features processed.
[00:06:47 INFO] 12000 features processed.
[00:06:48 INFO] 13000 features processed.
[00:06:49 INFO] 14000 features processed.
[00:06:50 INFO] 15000 features processed.
[00:06:51 INFO] 16000 features processed.
[00:06:52 INFO] 17000 features processed.
[00:06:53 INFO] 18000 features processed.
[00:06:54 INFO] 19000 features processed.
[00:06:55 INFO] 20000 features processed.
[00:06:56 INFO] 21000 features processed.
[00:06:57 INFO] 22000 features processed.
[00:06:59 INFO] 23000 features processed.
[00:07:00 INFO] 24000 features processed.
[00:07:01 INFO] 25000 features processed.
[00:07:03 INFO] 26000 features processed.
[00:07:06 INFO] 27000 features processed.
[00:07:08 INFO] 28000 features processed.
[00:07:10 INFO] 29000 features processed.
[00:07:12 INFO] 30000 features processed.
[00:07:15 INFO] 31000 features processed.
[00:07:18 INFO] 32000 features processed.
[00:07:19 INFO] 33000 features processed.
[00:07:21 INFO] 34000 features processed.
[00:07:23 INFO] 35000 features processed.
[00:07:24 INFO] 36000 features processed.
[00:07:25 INFO] 37000 features processed.
[00:07:26 INFO] 38000 features processed.
[00:07:27 INFO] 39000 features processed.
[00:07:28 INFO] 40000 features processed.
[00:07:30 INFO] 41000 features processed.
[00:07:31 INFO] 42000 features processed.
[00:07:32 INFO] 43000 features processed.
[00:07:33 INFO] 44000 features processed.
[00:07:35 INFO] 45000 features processed.
[00:07:36 INFO] 46000 features processed.
[00:07:37 INFO] 47000 features processed.
[00:07:38 INFO] 48000 features processed.
[00:07:40 INFO] 49000 features processed.
[00:07:41 INFO] 50000 features processed.
[00:07:42 INFO] 51000 features processed.
[00:07:43 INFO] 52000 features processed.
[00:07:44 INFO] 53000 features processed.
[00:07:46 INFO] 54000 features processed.
[00:07:48 INFO] 55000 features processed.
[00:07:49 INFO] 56000 features processed.
[00:07:50 INFO] 57000 features processed.
[00:07:52 INFO] 58000 features processed.
[00:07:53 INFO] 59000 features processed.
[00:07:54 INFO] 60000 features processed.
[00:07:56 INFO] 61000 features processed.
[00:07:58 INFO] 62000 features processed.
[00:07:59 INFO] 63000 features processed.
[00:08:00 INFO] 64000 features processed.
[00:08:02 INFO] 65000 features processed.
[00:08:03 INFO] 66000 features processed.
[00:08:04 INFO] Import summary:
[00:08:04 INFO] bldg:Building: 66277
[00:08:04 INFO] con:GroundSurface: 66305
[00:08:04 INFO] con:RoofSurface: 83873
[00:08:04 INFO] con:WallSurface: 538901
[00:08:04 INFO] Total execution time: 02 m, 15 s.
[00:08:04 INFO] citydb successfully completed.
l...</S><B N="NoNewLine">false</B><S N="ForegroundColor">DarkYellow</S><S N="BackgroundColor">DarkMagenta</S></Props></Obj><S N="Source">Write-Host</S><DT N="TimeGenerated">2026-05-25T20:58:36.184598-03:00</DT><Obj N="Tags" RefId="43"><TNRef RefId="3" /><LST><S>PSHOST</S></LST></Obj><S N="User">MSI\alexi</S><S N="Computer">MSI</S><U32 N="ProcessId">3596</U32><U32 N="NativeThreadId">21208</U32><U32 N="ManagedThreadId">16</U32></Props></Obj><Obj S="information" RefId="44"><TNRef RefId="1" /><ToString>[2026-05-25T21:01:22.5916050-03:00] Transforming NYC_DA6 EPSG:2263 -&gt; EPSG:4326...</ToString><Props><Obj N="MessageData" RefId="45"><TNRef RefId="2" /><ToString>[2026-05-25T21:01:22.5916050-03:00] Transforming NYC_DA6 EPSG:2263 -&gt; EPSG:4326...</ToString><Props><S N="Message">[2026-05-25T21:01:22.5916050-03:00] Transforming NYC_DA6 EPSG:2263 -&gt; EPSG:4326...</S><B N="NoNewLine">false</B><S N="ForegroundColor">DarkYellow</S><S N="BackgroundColor">DarkMagenta</S></Props></Obj><S N="Source">Write-Host</S><DT N="TimeGenerated">2026-05-25T21:01:22.591605-03:00</DT><Obj N="Tags" RefId="46"><TNRef RefId="3" /><LST><S>PSHOST</S></LST></Obj><S N="User">MSI\alexi</S><S N="Computer">MSI</S><U32 N="ProcessId">3596</U32><U32 N="NativeThreadId">21208</U32><U32 N="ManagedThreadId">16</U32></Props></Obj><Obj S="information" RefId="47"><TNRef RefId="1" /><ToString>[2026-05-25T21:02:05.8746672-03:00] Finished NYC_DA6.</ToString><Props><Obj N="MessageData" RefId="48"><TNRef RefId="2" /><ToString>[2026-05-25T21:02:05.8746672-03:00] Finished NYC_DA6.</ToString><Props><S N="Message">[2026-05-25T21:02:05.8746672-03:00] Finished NYC_DA6.</S><B N="NoNewLine">false</B><S N="ForegroundColor">DarkYellow</S><S N="BackgroundColor">DarkMagenta</S></Props></Obj><S N="Source">Write-Host</S><DT N="TimeGenerated">2026-05-25T21:02:05.8746672-03:00</DT><Obj N="Tags" RefId="49"><TNRef RefId="3" /><LST><S>PSHOST</S></LST></Obj><S N="User">MSI\alexi</S><S N="Computer">MSI</S><U32 N="ProcessId">3596</U32><U32 N="NativeThreadId">21208</U32><U32 N="ManagedThreadId">16</U32></Props></Obj><Obj S="information" RefId="50"><TNRef RefId="1" /><ToString>[2026-05-25T21:02:06.8755522-03:00] Importing NYC_DA7 from DA7_3D_Buildings_Merged.gml...</ToString><Props><Obj N="MessageData" RefId="51"><TNRef RefId="2" /><ToString>[2026-05-25T21:02:06.8755522-03:00] Importing NYC_DA7 from DA7_3D_Buildings_Merged.gml...</ToString><Props><S N="Message">[2026-05-25T21:02:06.8755522-03:00] Importing NYC_DA7 from DA7_3D_Buildings_Merged.gml...</S><B N="NoNewLine">false</B><S N="ForegroundColor">DarkYellow</S><S N="BackgroundColor">DarkMagenta</S></Props></Obj><S N="Source">Write-Host</S><DT N="TimeGenerated">2026-05-25T21:02:06.8765502-03:00</DT><Obj N="Tags" RefId="52"><TNRef RefId="3" /><LST><S>PSHOST</S></LST></Obj><S N="User">MSI\alexi</S><S N="Computer">MSI</S><U32 N="ProcessId">3596</U32><U32 N="NativeThreadId">21208</U32><U32 N="ManagedThreadId">16</U32></Props></Obj><Obj S="information" RefId="53"><TNRef RefId="1" /><ToString>[2026-05-25T21:04:51.3877719-03:00] Transforming NYC_DA7 EPSG:2263 -&gt; EPSG:4326...</ToString><Props><Obj N="MessageData" RefId="54"><TNRef RefId="2" /><ToString>[2026-05-25T21:04:51.3877719-03:00] Transforming NYC_DA7 EPSG:2263 -&gt; EPSG:4326...</ToString><Props><S N="Message">[2026-05-25T21:04:51.3877719-03:00] Transforming NYC_DA7 EPSG:2263 -&gt; EPSG:4326...</S><B N="NoNewLine">false</B><S N="ForegroundColor">DarkYellow</S><S N="BackgroundColor">DarkMagenta</S></Props></Obj><S N="Source">Write-Host</S><DT N="TimeGenerated">2026-05-25T21:04:51.3877719-03:00</DT><Obj N="Tags" RefId="55"><TNRef RefId="3" /><LST><S>PSHOST</S></LST></Obj><S N="User">MSI\alexi</S><S N="Computer">MSI</S><U32 N="ProcessId">3596</U32><U32 N="NativeThreadId">21208</U32><U32 N="ManagedThreadId">16</U32></Props></Obj><Obj S="information" RefId="56"><TNRef RefId="1" /><ToString>[2026-05-25T21:05:46.5375472-03:00] Finished NYC_DA7.</ToString><Props><Obj N="MessageData" RefId="57"><TNRef RefId="2" /><ToString>[2026-05-25T21:05:46.5375472-03:00] Finished NYC_DA7.</ToString><Props><S N="Message">[2026-05-25T21:05:46.5375472-03:00] Finished NYC_DA7.</S><B N="NoNewLine">false</B><S N="ForegroundColor">DarkYellow</S><S N="BackgroundColor">DarkMagenta</S></Props></Obj><S N="Source">Write-Host</S><DT N="TimeGenerated">2026-05-25T21:05:46.5375472-03:00</DT><Obj N="Tags" RefId="58"><TNRef RefId="3" /><LST><S>PSHOST</S></LST></Obj><S N="User">MSI\alexi</S><S N="Computer">MSI</S><U32 N="ProcessId">3596</U32><U32 N="NativeThreadId">21208</U32><U32 N="ManagedThreadId">16</U32></Props></Obj><Obj S="information" RefId="59"><TNRef RefId="1" /><ToString>[2026-05-25T21:05:47.8771398-03:00] Importing NYC_DA8 from DA8_3D_Buildings_Merged.gml...</ToString><Props><Obj N="MessageData" RefId="60"><TNRef RefId="2" /><ToString>[2026-05-25T21:05:47.8771398-03:00] Importing NYC_DA8 from DA8_3D_Buildings_Merged.gml...</ToString><Props><S N="Message">[2026-05-25T21:05:47.8771398-03:00] Importing NYC_DA8 from DA8_3D_Buildings_Merged.gml...</S><B N="NoNewLine">false</B><S N="ForegroundColor">DarkYellow</S><S N="BackgroundColor">DarkMagenta</S></Props></Obj><S N="Source">Write-Host</S><DT N="TimeGenerated">2026-05-25T21:05:47.8771398-03:00</DT><Obj N="Tags" RefId="61"><TNRef RefId="3" /><LST><S>PSHOST</S></LST></Obj><S N="User">MSI\alexi</S><S N="Computer">MSI</S><U32 N="ProcessId">3596</U32><U32 N="NativeThreadId">21208</U32><U32 N="ManagedThreadId">16</U32></Props></Obj><Obj S="information" RefId="62"><TNRef RefId="1" /><ToString>[2026-05-25T21:08:04.8889262-03:00] Transforming NYC_DA8 EPSG:2263 -&gt; EPSG:4326...</ToString><Props><Obj N="MessageData" RefId="63"><TNRef RefId="2" /><ToString>[2026-05-25T21:08:04.8889262-03:00] Transforming NYC_DA8 EPSG:2263 -&gt; EPSG:4326...</ToString><Props><S N="Message">[2026-05-25T21:08:04.8889262-03:00] Transforming NYC_DA8 EPSG:2263 -&gt; EPSG:4326...</S><B N="NoNewLine">false</B><S N="ForegroundColor">DarkYellow</S><S N="BackgroundColor">DarkMagenta</S></Props></Obj><S N="Source">Write-Host</S><DT N="TimeGenerated">2026-05-25T21:08:04.8889262-03:00</DT><Obj N="Tags" RefId="64"><[00:09:11 INFO] Starting citydb-tool, version 1.3.1.
[00:09:11 INFO] Loading plugins...
[00:09:11 INFO] Executing 'import citygml' command.
[00:09:12 INFO] Found 1 file(s) at /nycity/DA_WISE_GMLs/DA9_3D_Buildings_Merged.gml.
[00:09:12 INFO] Connecting to database citydb@localhost:5432/citydb.
[00:09:12 INFO] 3D City Database: 5.1.3
[00:09:12 INFO] DBMS: PostgreSQL 18.3 (PostGIS 3.6.2, SFCGAL n/a)
[00:09:12 INFO] Connection: citydb@localhost:5432/citydb
[00:09:12 INFO] Schema: citydb
[00:09:12 INFO] SRID: 4326
[00:09:12 INFO] SRS name: WGS 84
[00:09:12 INFO] SRS URI: urn:ogc:def:crs:EPSG::4326
[00:09:12 INFO] Changelog: enabled
[00:09:12 INFO] Database indexes are on.
[00:09:12 INFO] [1|1] Importing file /nycity/DA_WISE_GMLs/DA9_3D_Buildings_Merged.gml.
[00:09:47 INFO] 1000 features processed.
[00:09:49 INFO] 2000 features processed.
[00:09:51 INFO] 3000 features processed.
[00:09:52 INFO] 4000 features processed.
[00:09:53 INFO] 5000 features processed.
[00:09:54 INFO] 6000 features processed.
[00:09:55 INFO] 7000 features processed.
[00:09:56 INFO] 8000 features processed.
[00:09:57 INFO] 9000 features processed.
[00:09:59 INFO] 10000 features processed.
[00:10:00 INFO] 11000 features processed.
[00:10:01 INFO] 12000 features processed.
[00:10:02 INFO] 13000 features processed.
[00:10:03 INFO] 14000 features processed.
[00:10:05 INFO] 15000 features processed.
[00:10:06 INFO] 16000 features processed.
[00:10:07 INFO] 17000 features processed.
[00:10:08 INFO] 18000 features processed.
[00:10:09 INFO] 19000 features processed.
[00:10:10 INFO] 20000 features processed.
[00:10:12 INFO] 21000 features processed.
[00:10:13 INFO] 22000 features processed.
[00:10:14 INFO] 23000 features processed.
[00:10:16 INFO] 24000 features processed.
[00:10:17 INFO] 25000 features processed.
[00:10:18 INFO] 26000 features processed.
[00:10:20 INFO] 27000 features processed.
[00:10:21 INFO] 28000 features processed.
[00:10:23 INFO] 29000 features processed.
[00:10:24 INFO] 30000 features processed.
[00:10:26 INFO] 31000 features processed.
[00:10:28 INFO] 32000 features processed.
[00:10:30 INFO] 33000 features processed.
[00:10:31 INFO] 34000 features processed.
[00:10:33 INFO] 35000 features processed.
[00:10:34 INFO] 36000 features processed.
[00:10:36 INFO] 37000 features processed.
[00:10:38 INFO] 38000 features processed.
[00:10:40 INFO] 39000 features processed.
[00:10:41 INFO] 40000 features processed.
[00:10:42 INFO] 41000 features processed.
[00:10:44 INFO] 42000 features processed.
[00:10:45 INFO] 43000 features processed.
[00:10:48 INFO] 44000 features processed.
[00:11:02 INFO] 45000 features processed.
[00:11:10 INFO] 46000 features processed.
[00:11:13 INFO] 47000 features processed.
[00:11:15 INFO] 48000 features processed.
[00:11:18 INFO] 49000 features processed.
[00:11:22 INFO] 50000 features processed.
[00:11:24 INFO] 51000 features processed.
[00:11:28 INFO] 52000 features processed.
[00:11:29 INFO] 53000 features processed.
[00:11:30 INFO] 54000 features processed.
[00:11:32 INFO] 55000 features processed.
[00:11:38 INFO] 56000 features processed.
[00:11:41 INFO] 57000 features processed.
[00:11:44 INFO] 58000 features processed.
[00:11:48 INFO] 59000 features processed.
[00:11:50 INFO] Import summary:
[00:11:50 INFO] bldg:Building: 59234
[00:11:50 INFO] con:GroundSurface: 59273
[00:11:50 INFO] con:RoofSurface: 82023
[00:11:50 INFO] con:WallSurface: 540224
[00:11:50 INFO] Total execution time: 02 m, 39 s.
[00:11:50 INFO] citydb successfully completed.
[00:13:05 INFO] Starting citydb-tool, version 1.3.1.
[00:13:05 INFO] Loading plugins...
[00:13:05 INFO] Executing 'import citygml' command.
[00:13:07 INFO] Found 1 file(s) at /nycity/DA_WISE_GMLs/DA10_3D_Buildings_Merged.gml.
[00:13:07 INFO] Connecting to database citydb@localhost:5432/citydb.
[00:13:07 INFO] 3D City Database: 5.1.3
[00:13:07 INFO] DBMS: PostgreSQL 18.3 (PostGIS 3.6.2, SFCGAL n/a)
[00:13:07 INFO] Connection: citydb@localhost:5432/citydb
[00:13:07 INFO] Schema: citydb
[00:13:07 INFO] SRID: 4326
[00:13:07 INFO] SRS name: WGS 84
[00:13:07 INFO] SRS URI: urn:ogc:def:crs:EPSG::4326
[00:13:07 INFO] Changelog: enabled
[00:13:07 INFO] Database indexes are on.
[00:13:07 INFO] [1|1] Importing file /nycity/DA_WISE_GMLs/DA10_3D_Buildings_Merged.gml.
[00:13:48 INFO] 1000 features processed.
[00:13:50 INFO] 2000 features processed.
[00:13:52 INFO] 3000 features processed.
[00:13:53 INFO] 4000 features processed.
[00:13:55 INFO] 5000 features processed.
[00:13:57 INFO] 6000 features processed.
[00:14:00 INFO] 7000 features processed.
[00:14:02 INFO] 8000 features processed.
[00:14:05 INFO] 9000 features processed.
[00:14:08 INFO] 10000 features processed.
[00:14:10 INFO] 11000 features processed.
[00:14:13 INFO] 12000 features processed.
[00:14:15 INFO] 13000 features processed.
[00:14:17 INFO] 14000 features processed.
[00:14:20 INFO] 15000 features processed.
[00:14:23 INFO] 16000 features processed.
[00:14:25 INFO] 17000 features processed.
[00:14:27 INFO] 18000 features processed.
[00:14:28 INFO] 19000 features processed.
[00:14:30 INFO] 20000 features processed.
[00:14:32 INFO] 21000 features processed.
[00:14:33 INFO] 22000 features processed.
[00:14:35 INFO] 23000 features processed.
[00:14:37 INFO] 24000 features processed.
[00:14:39 INFO] 25000 features processed.
[00:14:40 INFO] 26000 features processed.
[00:14:42 INFO] 27000 features processed.
[00:14:45 INFO] 28000 features processed.
[00:14:47 INFO] 29000 features processed.
[00:14:49 INFO] 30000 features processed.
[00:14:53 INFO] 31000 features processed.
[00:14:54 INFO] 32000 features processed.
[00:14:56 INFO] 33000 features processed.
[00:14:58 INFO] 34000 features processed.
[00:15:01 INFO] 35000 features processed.
[00:15:03 INFO] 36000 features processed.
[00:15:07 INFO] 37000 features processed.
[00:15:11 INFO] 38000 features processed.
[00:15:14 INFO] 39000 features processed.
[00:15:17 INFO] 40000 features processed.
[00:15:19 INFO] 41000 features processed.
[00:15:21 INFO] 42000 features processed.
[00:15:24 INFO] 43000 features processed.
[00:15:26 INFO] 44000 features processed.
[00:15:28 INFO] 45000 features processed.
[00:15:30 INFO] 46000 features processed.
[00:15:33 INFO] 47000 features processed.
[00:15:35 INFO] 48000 features processed.
[00:15:37 INFO] 49000 features processed.
[00:15:38 INFO] Import summary:
[00:15:38 INFO] bldg:Building: 49847
[00:15:38 INFO] con:GroundSurface: 49942
[00:15:38 INFO] con:RoofSurface: 67197
[00:15:38 INFO] con:WallSurface: 445841
[00:15:38 INFO] Total execution time: 02 m, 33 s.
[00:15:38 INFO] citydb successfully completed.
TNRef RefId="3" /><LST><S>PSHOST</S></LST></Obj><S N="User">MSI\alexi</S><S N="Computer">MSI</S><U32 N="ProcessId">3596</U32><U32 N="NativeThreadId">21208</U32><U32 N="ManagedThreadId">16</U32></Props></Obj><Obj S="information" RefId="65"><TNRef RefId="1" /><ToString>[2026-05-25T21:09:08.7153780-03:00] Finished NYC_DA8.</ToString><Props><Obj N="MessageData" RefId="66"><TNRef RefId="2" /><ToString>[2026-05-25T21:09:08.7153780-03:00] Finished NYC_DA8.</ToString><Props><S N="Message">[2026-05-25T21:09:08.7153780-03:00] Finished NYC_DA8.</S><B N="NoNewLine">false</B><S N="ForegroundColor">DarkYellow</S><S N="BackgroundColor">DarkMagenta</S></Props></Obj><S N="Source">Write-Host</S><DT N="TimeGenerated">2026-05-25T21:09:08.715378-03:00</DT><Obj N="Tags" RefId="67"><TNRef RefId="3" /><LST><S>PSHOST</S></LST></Obj><S N="User">MSI\alexi</S><S N="Computer">MSI</S><U32 N="ProcessId">3596</U32><U32 N="NativeThreadId">21208</U32><U32 N="ManagedThreadId">16</U32></Props></Obj><Obj S="information" RefId="68"><TNRef RefId="1" /><ToString>[2026-05-25T21:09:09.7804696-03:00] Importing NYC_DA9 from DA9_3D_Buildings_Merged.gml...</ToString><Props><Obj N="MessageData" RefId="69"><TNRef RefId="2" /><ToString>[2026-05-25T21:09:09.7804696-03:00] Importing NYC_DA9 from DA9_3D_Buildings_Merged.gml...</ToString><Props><S N="Message">[2026-05-25T21:09:09.7804696-03:00] Importing NYC_DA9 from DA9_3D_Buildings_Merged.gml...</S><B N="NoNewLine">false</B><S N="ForegroundColor">DarkYellow</S><S N="BackgroundColor">DarkMagenta</S></Props></Obj><S N="Source">Write-Host</S><DT N="TimeGenerated">2026-05-25T21:09:09.7804696-03:00</DT><Obj N="Tags" RefId="70"><TNRef RefId="3" /><LST><S>PSHOST</S></LST></Obj><S N="User">MSI\alexi</S><S N="Computer">MSI</S><U32 N="ProcessId">3596</U32><U32 N="NativeThreadId">21208</U32><U32 N="ManagedThreadId">16</U32></Props></Obj><Obj S="information" RefId="71"><TNRef RefId="1" /><ToString>[2026-05-25T21:11:51.4035967-03:00] Transforming NYC_DA9 EPSG:2263 -&gt; EPSG:4326...</ToString><Props><Obj N="MessageData" RefId="72"><TNRef RefId="2" /><ToString>[2026-05-25T21:11:51.4035967-03:00] Transforming NYC_DA9 EPSG:2263 -&gt; EPSG:4326...</ToString><Props><S N="Message">[2026-05-25T21:11:51.4035967-03:00] Transforming NYC_DA9 EPSG:2263 -&gt; EPSG:4326...</S><B N="NoNewLine">false</B><S N="ForegroundColor">DarkYellow</S><S N="BackgroundColor">DarkMagenta</S></Props></Obj><S N="Source">Write-Host</S><DT N="TimeGenerated">2026-05-25T21:11:51.4041285-03:00</DT><Obj N="Tags" RefId="73"><TNRef RefId="3" /><LST><S>PSHOST</S></LST></Obj><S N="User">MSI\alexi</S><S N="Computer">MSI</S><U32 N="ProcessId">3596</U32><U32 N="NativeThreadId">21208</U32><U32 N="ManagedThreadId">16</U32></Props></Obj><Obj S="information" RefId="74"><TNRef RefId="1" /><ToString>[2026-05-25T21:13:01.7430883-03:00] Finished NYC_DA9.</ToString><Props><Obj N="MessageData" RefId="75"><TNRef RefId="2" /><ToString>[2026-05-25T21:13:01.7430883-03:00] Finished NYC_DA9.</ToString><Props><S N="Message">[2026-05-25T21:13:01.7430883-03:00] Finished NYC_DA9.</S><B N="NoNewLine">false</B><S N="ForegroundColor">DarkYellow</S><S N="BackgroundColor">DarkMagenta</S></Props></Obj><S N="Source">Write-Host</S><DT N="TimeGenerated">2026-05-25T21:13:01.7430883-03:00</DT><Obj N="Tags" RefId="76"><TNRef RefId="3" /><LST><S>PSHOST</S></LST></Obj><S N="User">MSI\alexi</S><S N="Computer">MSI</S><U32 N="ProcessId">3596</U32><U32 N="NativeThreadId">21208</U32><U32 N="ManagedThreadId">16</U32></Props></Obj><Obj S="information" RefId="77"><TNRef RefId="1" /><ToString>[2026-05-25T21:13:03.3619033-03:00] Importing NYC_DA10 from DA10_3D_Buildings_Merged.gml...</ToString><Props><Obj N="MessageData" RefId="78"><TNRef RefId="2" /><ToString>[2026-05-25T21:13:03.3619033-03:00] Importing NYC_DA10 from DA10_3D_Buildings_Merged.gml...</ToString><Props><S N="Message">[2026-05-25T21:13:03.3619033-03:00] Importing NYC_DA10 from DA10_3D_Buildings_Merged.gml...</S><B N="NoNewLine">false</B><S N="ForegroundColor">DarkYellow</S><S N="BackgroundColor">DarkMagenta</S></Props></Obj><S N="Source">Write-Host</S><DT N="TimeGenerated">2026-05-25T21:13:03.3619033-03:00</DT><Obj N="Tags" RefId="79"><TNRef RefId="3" /><LST><S>PSHOST</S></LST></Obj><S N="User">MSI\alexi</S><S N="Computer">MSI</S><U32 N="ProcessId">3596</U32><U32 N="NativeThreadId">21208</U32><U32 N="ManagedThreadId">16</U32></Props></Obj><Obj S="information" RefId="80"><TNRef RefId="1" /><ToString>[2026-05-25T21:15:40.3115330-03:00] Transforming NYC_DA10 EPSG:2263 -&gt; EPSG:4326...</ToString><Props><Obj N="MessageData" RefId="81"><TNRef RefId="2" /><ToString>[2026-05-25T21:15:40.3115330-03:00] Transforming NYC_DA10 EPSG:2263 -&gt; EPSG:4326...</ToString><Props><S N="Message">[2026-05-25T21:15:40.3115330-03:00] Transforming NYC_DA10 EPSG:2263 -&gt; EPSG:4326...</S><B N="NoNewLine">false</B><S N="ForegroundColor">DarkYellow</S><S N="BackgroundColor">DarkMagenta</S></Props></Obj><S N="Source">Write-Host</S><DT N="TimeGenerated">2026-05-25T21:15:40.311533-03:00</DT><Obj N="Tags" RefId="82"><TNRef RefId="3" /><LST><S>PSHOST</S></LST></Obj><S N="User">MSI\alexi</S><S N="Computer">MSI</S><U32 N="ProcessId">3596</U32><U32 N="NativeThreadId">21208</U32><U32 N="ManagedThreadId">16</U32></Props></Obj><Obj S="information" RefId="83"><TNRef RefId="1" /><ToString>[2026-05-25T21:16:41.7125301-03:00] Finished NYC_DA10.</ToString><Props><Obj N="MessageData" RefId="84"><TNRef RefId="2" /><ToString>[2026-05-25T21:16:41.7125301-03:00] Finished NYC_DA10.</ToString><Props><S N="Message">[2026-05-25T21:16:41.7125301-03:00] Finished NYC_DA10.</S><B N="NoNewLine">false</B><S N="ForegroundColor">DarkYellow</S><S N="BackgroundColor">DarkMagenta</S></Props></Obj><S N="Source">Write-Host</S><DT N="TimeGenerated">2026-05-25T21:16:41.7130814-03:00</DT><Obj N="Tags" RefId="85"><TNRef RefId="3" /><LST><S>PSHOST</S></LST></Obj><S N="User">MSI\alexi</S><S N="Computer">MSI</S><U32 N="ProcessId">3596</U32><U32 N="NativeThreadId">21208</U32><U32 N="ManagedThreadId">16</U32></Props></Obj><Obj S="information" RefId="86"><TNRef RefId="1" /><ToString>[2026-05-25T21:16:43.2962872-03:00] Importing NYC_DA1[00:16:44 INFO] Starting citydb-tool, version 1.3.1.
[00:16:44 INFO] Loading plugins...
[00:16:44 INFO] Executing 'import citygml' command.
[00:16:46 INFO] Found 1 file(s) at /nycity/DA_WISE_GMLs/DA11_3D_Buildings_Merged.gml.
[00:16:46 INFO] Connecting to database citydb@localhost:5432/citydb.
[00:16:46 INFO] 3D City Database: 5.1.3
[00:16:46 INFO] DBMS: PostgreSQL 18.3 (PostGIS 3.6.2, SFCGAL n/a)
[00:16:46 INFO] Connection: citydb@localhost:5432/citydb
[00:16:46 INFO] Schema: citydb
[00:16:46 INFO] SRID: 4326
[00:16:46 INFO] SRS name: WGS 84
[00:16:46 INFO] SRS URI: urn:ogc:def:crs:EPSG::4326
[00:16:46 INFO] Changelog: enabled
[00:16:46 INFO] Database indexes are on.
[00:16:46 INFO] [1|1] Importing file /nycity/DA_WISE_GMLs/DA11_3D_Buildings_Merged.gml.
[00:17:45 INFO] 1000 features processed.
[00:17:46 INFO] 2000 features processed.
[00:17:57 INFO] 3000 features processed.
[00:18:00 INFO] 4000 features processed.
[00:18:02 INFO] 5000 features processed.
[00:18:04 INFO] 6000 features processed.
[00:18:09 INFO] 7000 features processed.
[00:18:12 INFO] 8000 features processed.
[00:18:14 INFO] 9000 features processed.
[00:18:16 INFO] 10000 features processed.
[00:18:20 INFO] 11000 features processed.
[00:18:24 INFO] 12000 features processed.
[00:18:25 INFO] 13000 features processed.
[00:18:28 INFO] 14000 features processed.
[00:18:33 INFO] 15000 features processed.
[00:18:35 INFO] 16000 features processed.
[00:18:37 INFO] 17000 features processed.
[00:18:40 INFO] 18000 features processed.
[00:18:43 INFO] 19000 features processed.
[00:18:45 INFO] 20000 features processed.
[00:18:47 INFO] 21000 features processed.
[00:18:50 INFO] 22000 features processed.
[00:18:52 INFO] 23000 features processed.
[00:18:56 INFO] 24000 features processed.
[00:18:58 INFO] 25000 features processed.
[00:19:00 INFO] 26000 features processed.
[00:19:02 INFO] 27000 features processed.
[00:19:04 INFO] 28000 features processed.
[00:19:06 INFO] 29000 features processed.
[00:19:08 INFO] 30000 features processed.
[00:19:10 INFO] 31000 features processed.
[00:19:13 INFO] 32000 features processed.
[00:19:17 INFO] 33000 features processed.
[00:19:19 INFO] 34000 features processed.
[00:19:25 INFO] 35000 features processed.
[00:19:27 INFO] 36000 features processed.
[00:19:32 INFO] 37000 features processed.
[00:19:34 INFO] 38000 features processed.
[00:19:36 INFO] 39000 features processed.
[00:19:40 INFO] 40000 features processed.
[00:19:43 INFO] 41000 features processed.
[00:19:45 INFO] 42000 features processed.
[00:19:47 INFO] 43000 features processed.
[00:19:49 INFO] 44000 features processed.
[00:19:51 INFO] 45000 features processed.
[00:19:53 INFO] 46000 features processed.
[00:19:56 INFO] 47000 features processed.
[00:19:58 INFO] 48000 features processed.
[00:20:00 INFO] 49000 features processed.
[00:20:02 INFO] 50000 features processed.
[00:20:05 INFO] 51000 features processed.
[00:20:07 INFO] 52000 features processed.
[00:20:12 INFO] 53000 features processed.
[00:20:15 INFO] 54000 features processed.
[00:20:18 INFO] 55000 features processed.
[00:20:22 INFO] 56000 features processed.
[00:20:24 INFO] 57000 features processed.
[00:20:26 INFO] 58000 features processed.
[00:20:31 INFO] 59000 features processed.
[00:20:36 INFO] Import summary:
[00:20:36 INFO] bldg:Building: 59675
[00:20:36 INFO] con:GroundSurface: 59707
[00:20:36 INFO] con:RoofSurface: 81425
[00:20:36 INFO] con:WallSurface: 534559
[00:20:36 INFO] Total execution time: 03 m, 51 s.
[00:20:36 INFO] citydb successfully completed.
[00:22:32 INFO] Starting citydb-tool, version 1.3.1.
[00:22:32 INFO] Loading plugins...
[00:22:32 INFO] Executing 'import citygml' command.
[00:22:34 INFO] Found 1 file(s) at /nycity/DA_WISE_GMLs/DA12_3D_Buildings_Merged.gml.
[00:22:34 INFO] Connecting to database citydb@localhost:5432/citydb.
[00:22:35 INFO] 3D City Database: 5.1.3
[00:22:35 INFO] DBMS: PostgreSQL 18.3 (PostGIS 3.6.2, SFCGAL n/a)
[00:22:35 INFO] Connection: citydb@localhost:5432/citydb
[00:22:35 INFO] Schema: citydb
[00:22:35 INFO] SRID: 4326
[00:22:35 INFO] SRS name: WGS 84
[00:22:35 INFO] SRS URI: urn:ogc:def:crs:EPSG::4326
[00:22:35 INFO] Changelog: enabled
[00:22:35 INFO] Database indexes are on.
[00:22:35 INFO] [1|1] Importing file /nycity/DA_WISE_GMLs/DA12_3D_Buildings_Merged.gml.
[00:23:37 INFO] 1000 features processed.
[00:23:40 INFO] 2000 features processed.
[00:23:46 INFO] 3000 features processed.
[00:23:49 INFO] 4000 features processed.
[00:23:53 INFO] 5000 features processed.
[00:24:00 INFO] 6000 features processed.
[00:24:05 INFO] 7000 features processed.
[00:24:12 INFO] 8000 features processed.
[00:24:17 INFO] 9000 features processed.
[00:24:23 INFO] 10000 features processed.
[00:24:26 INFO] 11000 features processed.
[00:24:31 INFO] 12000 features processed.
[00:24:35 INFO] 13000 features processed.
[00:24:39 INFO] 14000 features processed.
[00:24:44 INFO] 15000 features processed.
[00:24:50 INFO] 16000 features processed.
[00:24:57 INFO] 17000 features processed.
[00:25:12 INFO] 18000 features processed.
[00:25:16 INFO] 19000 features processed.
[00:25:21 INFO] 20000 features processed.
[00:25:25 INFO] 21000 features processed.
[00:25:34 INFO] 22000 features processed.
[00:25:48 INFO] 23000 features processed.
[00:25:58 INFO] 24000 features processed.
[00:25:59 INFO] Import summary:
[00:25:59 INFO] bldg:Building: 24038
[00:25:59 INFO] con:GroundSurface: 24249
[00:25:59 INFO] con:RoofSurface: 79584
[00:25:59 INFO] con:WallSurface: 505897
[00:25:59 INFO] Total execution time: 03 m, 27 s.
[00:25:59 INFO] citydb successfully completed.
[00:27:29 INFO] Starting citydb-tool, version 1.3.1.
[00:27:29 INFO] Loading plugins...
[00:27:29 INFO] Executing 'import citygml' command.
[00:27:31 INFO] Found 1 file(s) at /nycity/DA_WISE_GMLs/DA13_3D_Buildings_Merged.gml.
[00:27:31 INFO] Connecting to database citydb@localhost:5432/citydb.
[00:27:31 INFO] 3D City Database: 5.1.3
[00:27:31 INFO] DBMS: PostgreSQL 18.3 (PostGIS 3.6.2, SFCGAL n/a)
[00:27:31 INFO] Connection: citydb@localhost:5432/citydb
[00:27:31 INFO] Schema: citydb
[00:27:31 INFO] SRID: 4326
[00:27:31 INFO] SRS name: WGS 84
[00:27:31 INFO] SRS URI: urn:ogc:def:crs:EPSG::4326
[00:27:31 INFO] Changelog: enabled
[00:27:31 INFO] Database indexes are on.
[00:27:31 INFO] [1|1] Importing file /nycity/DA_WISE_GMLs/DA13_3D_Buildings_Merged.gml.
[00:28:40 INFO] 1000 features processed.
[00:28:46 INFO] 2000 features processed.
[00:28:53 INFO] 3000 features processed.
[00:28:57 INFO] 4000 features processed.
[00:29:03 INFO] 5000 features processed.
[00:29:09 INFO] 6000 features processed.
[00:29:12 INFO] 7000 features processed.
[00:29:16 INFO] 8000 features processed.
[00:29:20 INFO] 9000 features processed.
[00:29:24 INFO] 10000 features processed.
[00:29:29 INFO] 11000 features processed.
[00:29:32 INFO] 12000 features processed.
[00:29:37 INFO] 13000 features processed.
[00:29:41 INFO] 14000 features processed.
[00:29:47 INFO] 15000 features processed.
[00:29:51 INFO] 16000 features processed.
[00:29:58 INFO] 17000 features processed.
[00:30:04 INFO] 18000 features processed.
[00:30:08 INFO] 19000 features processed.
[00:30:12 INFO] 20000 features processed.
[00:30:17 INFO] 21000 features processed.
[00:30:22 INFO] 22000 features processed.
[00:30:33 INFO] 23000 features processed.
[00:30:39 INFO] Import summary:
[00:30:39 INFO] bldg:Building: 23777
[00:30:39 INFO] con:GroundSurface: 24518
[00:30:39 INFO] con:RoofSurface: 62159
[00:30:39 INFO] con:WallSurface: 522604
[00:30:39 INFO] Total execution time: 03 m, 10 s.
[00:30:39 INFO] citydb successfully completed.
1 from DA11_3D_Buildings_Merged.gml...</ToString><Props><Obj N="MessageData" RefId="87"><TNRef RefId="2" /><ToString>[2026-05-25T21:16:43.2962872-03:00] Importing NYC_DA11 from DA11_3D_Buildings_Merged.gml...</ToString><Props><S N="Message">[2026-05-25T21:16:43.2962872-03:00] Importing NYC_DA11 from DA11_3D_Buildings_Merged.gml...</S><B N="NoNewLine">false</B><S N="ForegroundColor">DarkYellow</S><S N="BackgroundColor">DarkMagenta</S></Props></Obj><S N="Source">Write-Host</S><DT N="TimeGenerated">2026-05-25T21:16:43.2962872-03:00</DT><Obj N="Tags" RefId="88"><TNRef RefId="3" /><LST><S>PSHOST</S></LST></Obj><S N="User">MSI\alexi</S><S N="Computer">MSI</S><U32 N="ProcessId">3596</U32><U32 N="NativeThreadId">21208</U32><U32 N="ManagedThreadId">16</U32></Props></Obj><Obj S="information" RefId="89"><TNRef RefId="1" /><ToString>[2026-05-25T21:20:37.4799353-03:00] Transforming NYC_DA11 EPSG:2263 -&gt; EPSG:4326...</ToString><Props><Obj N="MessageData" RefId="90"><TNRef RefId="2" /><ToString>[2026-05-25T21:20:37.4799353-03:00] Transforming NYC_DA11 EPSG:2263 -&gt; EPSG:4326...</ToString><Props><S N="Message">[2026-05-25T21:20:37.4799353-03:00] Transforming NYC_DA11 EPSG:2263 -&gt; EPSG:4326...</S><B N="NoNewLine">false</B><S N="ForegroundColor">DarkYellow</S><S N="BackgroundColor">DarkMagenta</S></Props></Obj><S N="Source">Write-Host</S><DT N="TimeGenerated">2026-05-25T21:20:37.4799353-03:00</DT><Obj N="Tags" RefId="91"><TNRef RefId="3" /><LST><S>PSHOST</S></LST></Obj><S N="User">MSI\alexi</S><S N="Computer">MSI</S><U32 N="ProcessId">3596</U32><U32 N="NativeThreadId">21208</U32><U32 N="ManagedThreadId">16</U32></Props></Obj><Obj S="information" RefId="92"><TNRef RefId="1" /><ToString>[2026-05-25T21:22:26.3853616-03:00] Finished NYC_DA11.</ToString><Props><Obj N="MessageData" RefId="93"><TNRef RefId="2" /><ToString>[2026-05-25T21:22:26.3853616-03:00] Finished NYC_DA11.</ToString><Props><S N="Message">[2026-05-25T21:22:26.3853616-03:00] Finished NYC_DA11.</S><B N="NoNewLine">false</B><S N="ForegroundColor">DarkYellow</S><S N="BackgroundColor">DarkMagenta</S></Props></Obj><S N="Source">Write-Host</S><DT N="TimeGenerated">2026-05-25T21:22:26.3853616-03:00</DT><Obj N="Tags" RefId="94"><TNRef RefId="3" /><LST><S>PSHOST</S></LST></Obj><S N="User">MSI\alexi</S><S N="Computer">MSI</S><U32 N="ProcessId">3596</U32><U32 N="NativeThreadId">21208</U32><U32 N="ManagedThreadId">16</U32></Props></Obj><Obj S="information" RefId="95"><TNRef RefId="1" /><ToString>[2026-05-25T21:22:30.0592015-03:00] Importing NYC_DA12 from DA12_3D_Buildings_Merged.gml...</ToString><Props><Obj N="MessageData" RefId="96"><TNRef RefId="2" /><ToString>[2026-05-25T21:22:30.0592015-03:00] Importing NYC_DA12 from DA12_3D_Buildings_Merged.gml...</ToString><Props><S N="Message">[2026-05-25T21:22:30.0592015-03:00] Importing NYC_DA12 from DA12_3D_Buildings_Merged.gml...</S><B N="NoNewLine">false</B><S N="ForegroundColor">DarkYellow</S><S N="BackgroundColor">DarkMagenta</S></Props></Obj><S N="Source">Write-Host</S><DT N="TimeGenerated">2026-05-25T21:22:30.0597478-03:00</DT><Obj N="Tags" RefId="97"><TNRef RefId="3" /><LST><S>PSHOST</S></LST></Obj><S N="User">MSI\alexi</S><S N="Computer">MSI</S><U32 N="ProcessId">3596</U32><U32 N="NativeThreadId">21208</U32><U32 N="ManagedThreadId">16</U32></Props></Obj><Obj S="information" RefId="98"><TNRef RefId="1" /><ToString>[2026-05-25T21:26:01.2012595-03:00] Transforming NYC_DA12 EPSG:2263 -&gt; EPSG:4326...</ToString><Props><Obj N="MessageData" RefId="99"><TNRef RefId="2" /><ToString>[2026-05-25T21:26:01.2012595-03:00] Transforming NYC_DA12 EPSG:2263 -&gt; EPSG:4326...</ToString><Props><S N="Message">[2026-05-25T21:26:01.2012595-03:00] Transforming NYC_DA12 EPSG:2263 -&gt; EPSG:4326...</S><B N="NoNewLine">false</B><S N="ForegroundColor">DarkYellow</S><S N="BackgroundColor">DarkMagenta</S></Props></Obj><S N="Source">Write-Host</S><DT N="TimeGenerated">2026-05-25T21:26:01.2017896-03:00</DT><Obj N="Tags" RefId="100"><TNRef RefId="3" /><LST><S>PSHOST</S></LST></Obj><S N="User">MSI\alexi</S><S N="Computer">MSI</S><U32 N="ProcessId">3596</U32><U32 N="NativeThreadId">21208</U32><U32 N="ManagedThreadId">16</U32></Props></Obj><Obj S="information" RefId="101"><TNRef RefId="1" /><ToString>[2026-05-25T21:27:16.7863408-03:00] Finished NYC_DA12.</ToString><Props><Obj N="MessageData" RefId="102"><TNRef RefId="2" /><ToString>[2026-05-25T21:27:16.7863408-03:00] Finished NYC_DA12.</ToString><Props><S N="Message">[2026-05-25T21:27:16.7863408-03:00] Finished NYC_DA12.</S><B N="NoNewLine">false</B><S N="ForegroundColor">DarkYellow</S><S N="BackgroundColor">DarkMagenta</S></Props></Obj><S N="Source">Write-Host</S><DT N="TimeGenerated">2026-05-25T21:27:16.7873399-03:00</DT><Obj N="Tags" RefId="103"><TNRef RefId="3" /><LST><S>PSHOST</S></LST></Obj><S N="User">MSI\alexi</S><S N="Computer">MSI</S><U32 N="ProcessId">3596</U32><U32 N="NativeThreadId">21208</U32><U32 N="ManagedThreadId">16</U32></Props></Obj><Obj S="information" RefId="104"><TNRef RefId="1" /><ToString>[2026-05-25T21:27:22.9174720-03:00] Importing NYC_DA13 from DA13_3D_Buildings_Merged.gml...</ToString><Props><Obj N="MessageData" RefId="105"><TNRef RefId="2" /><ToString>[2026-05-25T21:27:22.9174720-03:00] Importing NYC_DA13 from DA13_3D_Buildings_Merged.gml...</ToString><Props><S N="Message">[2026-05-25T21:27:22.9174720-03:00] Importing NYC_DA13 from DA13_3D_Buildings_Merged.gml...</S><B N="NoNewLine">false</B><S N="ForegroundColor">DarkYellow</S><S N="BackgroundColor">DarkMagenta</S></Props></Obj><S N="Source">Write-Host</S><DT N="TimeGenerated">2026-05-25T21:27:22.917472-03:00</DT><Obj N="Tags" RefId="106"><TNRef RefId="3" /><LST><S>PSHOST</S></LST></Obj><S N="User">MSI\alexi</S><S N="Computer">MSI</S><U32 N="ProcessId">3596</U32><U32 N="NativeThreadId">21208</U32><U32 N="ManagedThreadId">16</U32></Props></Obj><Obj S="information" RefId="107"><TNRef RefId="1" /><ToString>[2026-05-25T21:30:43.8197845-03:00] Transforming NYC_DA13 EPSG:2263 -&gt; EPSG:4326...</ToString><Props><Obj N="MessageData" RefId="108"><TNRef RefId="2" /><ToString>[2026-05-25T21:30:43.8197845-03:00] Transforming NYC_DA13 EPSG:2263 -&gt;[00:32:09 INFO] Starting citydb-tool, version 1.3.1.
[00:32:09 INFO] Loading plugins...
[00:32:09 INFO] Executing 'import citygml' command.
[00:32:11 INFO] Found 1 file(s) at /nycity/DA_WISE_GMLs/DA14_3D_Buildings_Merged.gml.
[00:32:11 INFO] Connecting to database citydb@localhost:5432/citydb.
[00:32:11 INFO] 3D City Database: 5.1.3
[00:32:11 INFO] DBMS: PostgreSQL 18.3 (PostGIS 3.6.2, SFCGAL n/a)
[00:32:11 INFO] Connection: citydb@localhost:5432/citydb
[00:32:11 INFO] Schema: citydb
[00:32:11 INFO] SRID: 4326
[00:32:11 INFO] SRS name: WGS 84
[00:32:11 INFO] SRS URI: urn:ogc:def:crs:EPSG::4326
[00:32:11 INFO] Changelog: enabled
[00:32:11 INFO] Database indexes are on.
[00:32:11 INFO] [1|1] Importing file /nycity/DA_WISE_GMLs/DA14_3D_Buildings_Merged.gml.
[00:32:59 INFO] 1000 features processed.
[00:33:03 INFO] 2000 features processed.
[00:33:06 INFO] 3000 features processed.
[00:33:09 INFO] 4000 features processed.
[00:33:11 INFO] 5000 features processed.
[00:33:14 INFO] 6000 features processed.
[00:33:18 INFO] 7000 features processed.
[00:33:20 INFO] 8000 features processed.
[00:33:23 INFO] 9000 features processed.
[00:33:27 INFO] 10000 features processed.
[00:33:30 INFO] 11000 features processed.
[00:33:33 INFO] 12000 features processed.
[00:33:35 INFO] 13000 features processed.
[00:33:37 INFO] 14000 features processed.
[00:33:42 INFO] 15000 features processed.
[00:33:45 INFO] 16000 features processed.
[00:33:50 INFO] 17000 features processed.
[00:33:54 INFO] 18000 features processed.
[00:33:58 INFO] 19000 features processed.
[00:34:06 INFO] 20000 features processed.
[00:34:22 INFO] 21000 features processed.
[00:34:29 INFO] 22000 features processed.
[00:34:31 INFO] 23000 features processed.
[00:34:34 INFO] 24000 features processed.
[00:34:37 INFO] 25000 features processed.
[00:34:41 INFO] 26000 features processed.
[00:34:46 INFO] 27000 features processed.
[00:34:49 INFO] 28000 features processed.
[00:34:54 INFO] 29000 features processed.
[00:34:56 INFO] 30000 features processed.
[00:35:03 INFO] 31000 features processed.
[00:35:09 INFO] 32000 features processed.
[00:35:12 INFO] 33000 features processed.
[00:35:14 INFO] 34000 features processed.
[00:35:22 INFO] 35000 features processed.
[00:35:24 INFO] 36000 features processed.
[00:35:26 INFO] 37000 features processed.
[00:35:29 INFO] Import summary:
[00:35:29 INFO] bldg:Building: 37521
[00:35:29 INFO] con:GroundSurface: 37673
[00:35:29 INFO] con:RoofSurface: 54332
[00:35:29 INFO] con:WallSurface: 431497
[00:35:29 INFO] Total execution time: 03 m, 20 s.
[00:35:29 INFO] citydb successfully completed.
[00:37:02 INFO] Starting citydb-tool, version 1.3.1.
[00:37:02 INFO] Loading plugins...
[00:37:02 INFO] Executing 'import citygml' command.
[00:37:04 INFO] Found 1 file(s) at /nycity/DA_WISE_GMLs/DA15_3D_Buildings_Merged.gml.
[00:37:04 INFO] Connecting to database citydb@localhost:5432/citydb.
[00:37:05 INFO] 3D City Database: 5.1.3
[00:37:05 INFO] DBMS: PostgreSQL 18.3 (PostGIS 3.6.2, SFCGAL n/a)
[00:37:05 INFO] Connection: citydb@localhost:5432/citydb
[00:37:05 INFO] Schema: citydb
[00:37:05 INFO] SRID: 4326
[00:37:05 INFO] SRS name: WGS 84
[00:37:05 INFO] SRS URI: urn:ogc:def:crs:EPSG::4326
[00:37:05 INFO] Changelog: enabled
[00:37:05 INFO] Database indexes are on.
[00:37:05 INFO] [1|1] Importing file /nycity/DA_WISE_GMLs/DA15_3D_Buildings_Merged.gml.
[00:38:48 INFO] 1000 features processed.
[00:38:53 INFO] 2000 features processed.
[00:38:59 INFO] 3000 features processed.
[00:39:05 INFO] 4000 features processed.
[00:39:08 INFO] 5000 features processed.
[00:39:11 INFO] 6000 features processed.
[00:39:14 INFO] 7000 features processed.
[00:39:16 INFO] 8000 features processed.
[00:39:18 INFO] 9000 features processed.
[00:39:20 INFO] 10000 features processed.
[00:39:24 INFO] 11000 features processed.
[00:39:27 INFO] 12000 features processed.
[00:39:31 INFO] 13000 features processed.
[00:39:35 INFO] 14000 features processed.
[00:39:47 INFO] 15000 features processed.
[00:39:55 INFO] 16000 features processed.
[00:40:19 INFO] 17000 features processed.
[00:40:22 INFO] 18000 features processed.
[00:40:28 INFO] 19000 features processed.
[00:40:32 INFO] 20000 features processed.
[00:40:37 INFO] 21000 features processed.
[00:40:43 INFO] 22000 features processed.
[00:40:46 INFO] 23000 features processed.
[00:40:48 INFO] 24000 features processed.
[00:40:50 INFO] 25000 features processed.
[00:40:53 INFO] 26000 features processed.
[00:40:55 INFO] 27000 features processed.
[00:40:57 INFO] 28000 features processed.
[00:40:59 INFO] 29000 features processed.
[00:41:03 INFO] 30000 features processed.
[00:41:07 INFO] 31000 features processed.
[00:41:09 INFO] 32000 features processed.
[00:41:14 INFO] 33000 features processed.
[00:41:18 INFO] 34000 features processed.
[00:41:19 INFO] 35000 features processed.
[00:41:21 INFO] 36000 features processed.
[00:41:24 INFO] 37000 features processed.
[00:41:28 INFO] 38000 features processed.
[00:41:31 INFO] 39000 features processed.
[00:41:33 INFO] 40000 features processed.
[00:41:37 INFO] 41000 features processed.
[00:41:41 INFO] 42000 features processed.
[00:41:47 INFO] 43000 features processed.
[00:41:51 INFO] 44000 features processed.
[00:41:57 INFO] 45000 features processed.
[00:42:04 INFO] 46000 features processed.
[00:42:12 INFO] 47000 features processed.
[00:42:16 INFO] 48000 features processed.
[00:42:20 INFO] 49000 features processed.
[00:42:25 INFO] 50000 features processed.
[00:42:29 INFO] 51000 features processed.
[00:42:32 INFO] 52000 features processed.
[00:42:36 INFO] 53000 features processed.
[00:42:37 INFO] 54000 features processed.
[00:42:40 INFO] 55000 features processed.
[00:42:42 INFO] 56000 features processed.
[00:42:47 INFO] 57000 features processed.
[00:42:49 INFO] 58000 features processed.
[00:42:51 INFO] 59000 features processed.
[00:42:54 INFO] 60000 features processed.
[00:42:58 INFO] 61000 features processed.
time="2026-05-25T21:42:59-03:00" level=error msg="error waiting for container: unexpected EOF"
 EPSG:4326...</ToString><Props><S N="Message">[2026-05-25T21:30:43.8197845-03:00] Transforming NYC_DA13 EPSG:2263 -&gt; EPSG:4326...</S><B N="NoNewLine">false</B><S N="ForegroundColor">DarkYellow</S><S N="BackgroundColor">DarkMagenta</S></Props></Obj><S N="Source">Write-Host</S><DT N="TimeGenerated">2026-05-25T21:30:43.8197845-03:00</DT><Obj N="Tags" RefId="109"><TNRef RefId="3" /><LST><S>PSHOST</S></LST></Obj><S N="User">MSI\alexi</S><S N="Computer">MSI</S><U32 N="ProcessId">3596</U32><U32 N="NativeThreadId">21208</U32><U32 N="ManagedThreadId">16</U32></Props></Obj><Obj S="information" RefId="110"><TNRef RefId="1" /><ToString>[2026-05-25T21:32:02.9718919-03:00] Finished NYC_DA13.</ToString><Props><Obj N="MessageData" RefId="111"><TNRef RefId="2" /><ToString>[2026-05-25T21:32:02.9718919-03:00] Finished NYC_DA13.</ToString><Props><S N="Message">[2026-05-25T21:32:02.9718919-03:00] Finished NYC_DA13.</S><B N="NoNewLine">false</B><S N="ForegroundColor">DarkYellow</S><S N="BackgroundColor">DarkMagenta</S></Props></Obj><S N="Source">Write-Host</S><DT N="TimeGenerated">2026-05-25T21:32:02.9718919-03:00</DT><Obj N="Tags" RefId="112"><TNRef RefId="3" /><LST><S>PSHOST</S></LST></Obj><S N="User">MSI\alexi</S><S N="Computer">MSI</S><U32 N="ProcessId">3596</U32><U32 N="NativeThreadId">21208</U32><U32 N="ManagedThreadId">16</U32></Props></Obj><Obj S="information" RefId="113"><TNRef RefId="1" /><ToString>[2026-05-25T21:32:06.9316732-03:00] Importing NYC_DA14 from DA14_3D_Buildings_Merged.gml...</ToString><Props><Obj N="MessageData" RefId="114"><TNRef RefId="2" /><ToString>[2026-05-25T21:32:06.9316732-03:00] Importing NYC_DA14 from DA14_3D_Buildings_Merged.gml...</ToString><Props><S N="Message">[2026-05-25T21:32:06.9316732-03:00] Importing NYC_DA14 from DA14_3D_Buildings_Merged.gml...</S><B N="NoNewLine">false</B><S N="ForegroundColor">DarkYellow</S><S N="BackgroundColor">DarkMagenta</S></Props></Obj><S N="Source">Write-Host</S><DT N="TimeGenerated">2026-05-25T21:32:06.9331793-03:00</DT><Obj N="Tags" RefId="115"><TNRef RefId="3" /><LST><S>PSHOST</S></LST></Obj><S N="User">MSI\alexi</S><S N="Computer">MSI</S><U32 N="ProcessId">3596</U32><U32 N="NativeThreadId">21208</U32><U32 N="ManagedThreadId">16</U32></Props></Obj><Obj S="information" RefId="116"><TNRef RefId="1" /><ToString>[2026-05-25T21:35:33.7158756-03:00] Transforming NYC_DA14 EPSG:2263 -&gt; EPSG:4326...</ToString><Props><Obj N="MessageData" RefId="117"><TNRef RefId="2" /><ToString>[2026-05-25T21:35:33.7158756-03:00] Transforming NYC_DA14 EPSG:2263 -&gt; EPSG:4326...</ToString><Props><S N="Message">[2026-05-25T21:35:33.7158756-03:00] Transforming NYC_DA14 EPSG:2263 -&gt; EPSG:4326...</S><B N="NoNewLine">false</B><S N="ForegroundColor">DarkYellow</S><S N="BackgroundColor">DarkMagenta</S></Props></Obj><S N="Source">Write-Host</S><DT N="TimeGenerated">2026-05-25T21:35:33.7168717-03:00</DT><Obj N="Tags" RefId="118"><TNRef RefId="3" /><LST><S>PSHOST</S></LST></Obj><S N="User">MSI\alexi</S><S N="Computer">MSI</S><U32 N="ProcessId">3596</U32><U32 N="NativeThreadId">21208</U32><U32 N="ManagedThreadId">16</U32></Props></Obj><Obj S="information" RefId="119"><TNRef RefId="1" /><ToString>[2026-05-25T21:36:50.3039151-03:00] Finished NYC_DA14.</ToString><Props><Obj N="MessageData" RefId="120"><TNRef RefId="2" /><ToString>[2026-05-25T21:36:50.3039151-03:00] Finished NYC_DA14.</ToString><Props><S N="Message">[2026-05-25T21:36:50.3039151-03:00] Finished NYC_DA14.</S><B N="NoNewLine">false</B><S N="ForegroundColor">DarkYellow</S><S N="BackgroundColor">DarkMagenta</S></Props></Obj><S N="Source">Write-Host</S><DT N="TimeGenerated">2026-05-25T21:36:50.3039151-03:00</DT><Obj N="Tags" RefId="121"><TNRef RefId="3" /><LST><S>PSHOST</S></LST></Obj><S N="User">MSI\alexi</S><S N="Computer">MSI</S><U32 N="ProcessId">3596</U32><U32 N="NativeThreadId">21208</U32><U32 N="ManagedThreadId">16</U32></Props></Obj><Obj S="information" RefId="122"><TNRef RefId="1" /><ToString>[2026-05-25T21:36:57.1112709-03:00] Importing NYC_DA15 from DA15_3D_Buildings_Merged.gml...</ToString><Props><Obj N="MessageData" RefId="123"><TNRef RefId="2" /><ToString>[2026-05-25T21:36:57.1112709-03:00] Importing NYC_DA15 from DA15_3D_Buildings_Merged.gml...</ToString><Props><S N="Message">[2026-05-25T21:36:57.1112709-03:00] Importing NYC_DA15 from DA15_3D_Buildings_Merged.gml...</S><B N="NoNewLine">false</B><S N="ForegroundColor">DarkYellow</S><S N="BackgroundColor">DarkMagenta</S></Props></Obj><S N="Source">Write-Host</S><DT N="TimeGenerated">2026-05-25T21:36:57.1112709-03:00</DT><Obj N="Tags" RefId="124"><TNRef RefId="3" /><LST><S>PSHOST</S></LST></Obj><S N="User">MSI\alexi</S><S N="Computer">MSI</S><U32 N="ProcessId">3596</U32><U32 N="NativeThreadId">21208</U32><U32 N="ManagedThreadId">16</U32></Props></Obj><S S="Error">Import failed for NYC_DA15_x000D__x000A_</S><S S="Error">At line:16 char:30_x000D__x000A_</S><S S="Error">+   if ($LASTEXITCODE -ne 0) { throw "Import failed for $lineage" }_x000D__x000A_</S><S S="Error">+                              ~~~~~~~~~~~~~~~~~~~~~~~~~~~~~~~~~~_x000D__x000A_</S><S S="Error">    + CategoryInfo          : OperationStopped: (Import failed for NYC_DA15:String) [], RuntimeException_x000D__x000A_</S><S S="Error">    + FullyQualifiedErrorId : Import failed for NYC_DA15_x000D__x000A_</S><S S="Error"> _x000D__x000A_</S></Objs>