#< CLIXML
[03:26:21 INFO] Starting citydb-tool, version 1.3.1.
[03:26:21 INFO] Loading plugins...
[03:26:21 INFO] Executing 'import citygml' command.
[03:26:36 INFO] Found 1 file(s) at /data/DA16_3D_Buildings_Merged.gml.
[03:26:36 INFO] Connecting to database citydb@localhost:5432/citydb.
[03:26:39 INFO] 3D City Database: 5.1.3
[03:26:39 INFO] DBMS: PostgreSQL 18.3 (PostGIS 3.6.2, SFCGAL n/a)
[03:26:39 INFO] Connection: citydb@localhost:5432/citydb
[03:26:39 INFO] Schema: citydb
[03:26:39 INFO] SRID: 4326
[03:26:39 INFO] SRS name: WGS 84
[03:26:39 INFO] SRS URI: urn:ogc:def:crs:EPSG::4326
[03:26:39 INFO] Changelog: enabled
[03:26:39 INFO] Dropping database indexes...
[03:31:00 INFO] Database indexes are off.
[03:31:00 INFO] [1|1] Importing file /data/DA16_3D_Buildings_Merged.gml.
[03:33:18 INFO] 1000 features processed.
[03:33:20 INFO] 2000 features processed.
[03:33:25 INFO] 3000 features processed.
[03:33:29 INFO] 4000 features processed.
[03:33:33 INFO] 5000 features processed.
[03:33:44 INFO] 6000 features processed.
[03:33:47 INFO] 7000 features processed.
[03:33:49 INFO] 8000 features processed.
[03:33:52 INFO] 9000 features processed.
[03:33:56 INFO] 10000 features processed.
[03:34:00 INFO] 11000 features processed.
[03:34:03 INFO] 12000 features processed.
[03:34:07 INFO] 13000 features processed.
[03:34:13 INFO] 14000 features processed.
[03:34:22 INFO] 15000 features processed.
[03:34:23 INFO] 16000 features processed.
[03:34:29 INFO] 17000 features processed.
[03:34:34 INFO] 18000 features processed.
[03:34:39 INFO] 19000 features processed.
[03:34:43 INFO] 20000 features processed.
[03:34:45 INFO] 21000 features processed.
[03:34:47 INFO] 22000 features processed.
[03:35:02 INFO] 23000 features processed.
[03:35:05 INFO] 24000 features processed.
[03:35:10 INFO] 25000 features processed.
[03:35:12 INFO] 26000 features processed.
[03:35:15 INFO] 27000 features processed.
[03:35:23 INFO] 28000 features processed.
[03:35:32 INFO] 29000 features processed.
[03:35:50 INFO] 30000 features processed.
[03:35:58 INFO] 31000 features processed.
[03:35:59 INFO] 32000 features processed.
<Objs Version="1.1.0.1" xmlns="http://schemas.microsoft.com/powershell/2004/04"><Obj S="progress" RefId="0"><TN RefId="0"><T>System.Management.Automation.PSCustomObject</T><T>System.Object</T></TN><MS><I64 N="SourceId">1</I64><PR N="Record"><AV>Preparing modules for first use.</AV><AI>0</AI><Nil /><PI>-1</PI><PC>-1</PC><T>Completed</T><SR>-1</SR><SD> </SD></PR></MS></Obj><Obj S="progress" RefId="1"><TNRef RefId="0" /><MS><I64 N="SourceId">1</I64><PR N="Record"><AV>Preparing modules for first use.</AV><AI>0</AI><Nil /><PI>-1</PI><PC>-1</PC><T>Completed</T><SR>-1</SR><SD> </SD></PR></MS></Obj><S S="Error">Import failed for NYC_DA16_x000D__x000A_</S><S S="Error">At line:18 char:32_x000D__x000A_</S><S S="Error">+     if ($LASTEXITCODE -ne 0) { throw "Import failed for $lineage" }_x000D__x000A_</S><S S="Error">+                                ~~~~~~~~~~~~~~~~~~~~~~~~~~~~~~~~~~_x000D__x000A_</S><S S="Error">    + CategoryInfo          : OperationStopped: (Import failed for NYC_DA16:String) [], RuntimeException_x000D__x000A_</S><S S="Error">    + FullyQualifiedErrorId : Import failed for NYC_DA16_x000D__x000A_</S><S S="Error"> _x000D__x000A_</S></Objs>