
> citygml-lod3-viewer@0.1.0 dev
> vite --host 127.0.0.1 --host 127.0.0.1 --port 5174 --strictPort


  [32m[1mVITE[22m v8.0.14[39m  [2mready in [0m[1m350[22m[2m[0m ms[22m

  [32m➜[39m  [1mLocal[22m:   [36mhttp://127.0.0.1:[1m5174[22m/[39m
[2m10:15:17 PM[22m [36m[1m[vite][22m[39m [90m[2m(client)[22m[39m [32mpage reload [39m[2msrc/3dcitydb.js[22m
[2m10:20:03 PM[22m [36m[1m[vite][22m[39m [90m[2m(client)[22m[39m [32mpage reload [39m[2msrc/3dcitydb.js[22m
[2m10:20:15 PM[22m [36m[1m[vite][22m[39m [32mvite.config.js changed, restarting server...[39m
[2m10:20:15 PM[22m [36m[1m[vite][22m[39m server restarted.
[2m10:20:35 PM[22m [36m[1m[vite][22m[39m [32mvite.config.js changed, restarting server...[39m
[2m10:20:35 PM[22m [36m[1m[vite][22m[39m server restarted.
[2m10:21:32 PM[22m [36m[1m[vite][22m[39m [32mvite.config.js changed, restarting server...[39m
[2m10:21:32 PM[22m [36m[1m[vite][22m[39m server restarted.
[2m10:49:41 PM[22m [36m[1m[vite][22m[39m [32mvite.config.js changed, restarting server...[39m
[2m10:49:41 PM[22m [36m[1m[vite][22m[39m [90m[2m(client)[22m[39m Re-optimizing dependencies because vite config has changed
[2m10:49:42 PM[22m [36m[1m[vite][22m[39m server restarted.
[2m10:49:42 PM[22m [36m[1m[vite][22m[39m [32mvite.config.js changed, restarting server...[39m
[2m10:49:42 PM[22m [36m[1m[vite][22m[39m server restarted.
[2m10:50:34 PM[22m [36m[1m[vite][22m[39m [90m[2m(client)[22m[39m [32mpage reload [39m[2mindex2.html[22m
[2m10:50:35 PM[22m [36m[1m[vite][22m[39m [90m[2m(client)[22m[39m [32mpage reload [39m[2mindex.html[22m
[2m10:50:37 PM[22m [36m[1m[vite][22m[39m [90m[2m(client)[22m[39m [32mpage reload [39m[2mindex.html[22m
[2m10:50:37 PM[22m [36m[1m[vite][22m[39m [90m[2m(client)[22m[39m [32mpage reload [39m[2m3dcitydb.html[22m
[2m10:56:44 PM[22m [36m[1m[vite][22m[39m [90m[2m(client)[22m[39m [32mpage reload [39m[2mindex.html[22m
[2m11:00:13 PM[22m [36m[1m[vite][22m[39m [32mvite.config.js changed, restarting server...[39m
[2m11:00:13 PM[22m [36m[1m[vite][22m[39m [90m[2m(client)[22m[39m Re-optimizing dependencies because vite config has changed
[2m11:00:13 PM[22m [36m[1m[vite][22m[39m server restarted.
[2m11:11:54 PM[22m [36m[1m[vite][22m[39m [32mvite.config.js changed, restarting server...[39m
[2m11:11:54 PM[22m [36m[1m[vite][22m[39m server restarted.
[2m11:12:03 PM[22m [36m[1m[vite][22m[39m [32mvite.config.js changed, restarting server...[39m
[2m11:12:03 PM[22m [36m[1m[vite][22m[39m [90m[2m(client)[22m[39m Re-optimizing dependencies because vite config has changed
[2m11:12:03 PM[22m [36m[1m[vite][22m[39m server restarted.
[2m11:14:14 PM[22m [36m[1m[vite][22m[39m [32mvite.config.js changed, restarting server...[39m
[2m11:14:14 PM[22m [36m[1m[vite][22m[39m server restarted.
[2m11:14:26 PM[22m [36m[1m[vite][22m[39m [32mvite.config.js changed, restarting server...[39m
[2m11:14:26 PM[22m [36m[1m[vite][22m[39m [90m[2m(client)[22m[39m Re-optimizing dependencies because vite config has changed
[2m11:14:26 PM[22m [36m[1m[vite][22m[39m server restarted.
[2m11:14:54 PM[22m [36m[1m[vite][22m[39m [32mvite.config.js changed, restarting server...[39m
[2m11:14:54 PM[22m [36m[1m[vite][22m[39m server restarted.
[2m11:17:06 PM[22m [36m[1m[vite][22m[39m [90m[2m(client)[22m[39m [32mpage reload [39m[2mindex.html[22m
[2m11:18:25 PM[22m [36m[1m[vite][22m[39m [32mvite.config.js changed, restarting server...[39m
[2m11:18:26 PM[22m [36m[1m[vite][22m[39m [90m[2m(client)[22m[39m Re-optimizing dependencies because vite config has changed
[2m11:18:26 PM[22m [36m[1m[vite][22m[39m server restarted.
[2m11:22:41 PM[22m [36m[1m[vite][22m[39m [90m[2m(client)[22m[39m [32mpage reload [39m[2msrc/3dcitydb.js[22m
[2m11:24:59 PM[22m [36m[1m[vite][22m[39m [90m[2m(client)[22m[39m [32mpage reload [39m[2msrc/3dcitydb.js[22m
[2m11:28:44 PM[22m [36m[1m[vite][22m[39m [32mvite.config.js changed, restarting server...[39m
[2m11:28:44 PM[22m [36m[1m[vite][22m[39m server restarted.
[2m11:31:20 PM[22m [36m[1m[vite][22m[39m [32mvite.config.js changed, restarting server...[39m
[2m11:31:20 PM[22m [36m[1m[vite][22m[39m [90m[2m(client)[22m[39m Re-optimizing dependencies because vite config has changed
[2m11:31:20 PM[22m [36m[1m[vite][22m[39m server restarted.
[2m11:31:50 PM[22m [36m[1m[vite][22m[39m [32mvite.config.js changed, restarting server...[39m
[2m11:31:50 PM[22m [36m[1m[vite][22m[39m server restarted.
[2m11:32:04 PM[22m [36m[1m[vite][22m[39m [32mvite.config.js changed, restarting server...[39m
[2m11:32:04 PM[22m [36m[1m[vite][22m[39m server restarted.
[2m11:32:18 PM[22m [36m[1m[vite][22m[39m [32mvite.config.js changed, restarting server...[39m
[2m11:32:18 PM[22m [36m[1m[vite][22m[39m server restarted.
[2m11:32:33 PM[22m [36m[1m[vite][22m[39m [32mvite.config.js changed, restarting server...[39m
[2m11:32:33 PM[22m [36m[1m[vite][22m[39m server restarted.
[2m11:33:59 PM[22m [36m[1m[vite][22m[39m [32mvite.config.js changed, restarting server...[39m
[2m11:33:59 PM[22m [36m[1m[vite][22m[39m [90m[2m(client)[22m[39m Re-optimizing dependencies because vite config has changed
[2m11:33:59 PM[22m [36m[1m[vite][22m[39m server restarted.
[2m11:36:13 PM[22m [36m[1m[vite][22m[39m [32mvite.config.js changed, restarting server...[39m
[2m11:36:13 PM[22m [36m[1m[vite][22m[39m server restarted.
[2m11:36:32 PM[22m [36m[1m[vite][22m[39m [90m[2m(client)[22m[39m [32mpage reload [39m[2msrc/3dcitydb.js[22m
[2m11:36:39 PM[22m [36m[1m[vite][22m[39m [32mvite.config.js changed, restarting server...[39m
[2m11:36:39 PM[22m [36m[1m[vite][22m[39m [90m[2m(client)[22m[39m Re-optimizing dependencies because vite config has changed
[2m11:36:39 PM[22m [36m[1m[vite][22m[39m server restarted.
[2m11:39:50 PM[22m [36m[1m[vite][22m[39m [32mvite.config.js changed, restarting server...[39m
[2m11:39:50 PM[22m [36m[1m[vite][22m[39m server restarted.
[2m11:40:03 PM[22m [36m[1m[vite][22m[39m [32mvite.config.js changed, restarting server...[39m
[2m11:40:04 PM[22m [36m[1m[vite][22m[39m [90m[2m(client)[22m[39m Re-optimizing dependencies because vite config has changed
[2m11:40:04 PM[22m [36m[1m[vite][22m[39m server restarted.
[2m11:40:10 PM[22m [36m[1m[vite][22m[39m [32mvite.config.js changed, restarting server...[39m
[2m11:40:11 PM[22m [36m[1m[vite][22m[39m server restarted.
[2m11:40:21 PM[22m [36m[1m[vite][22m[39m [32mvite.config.js changed, restarting server...[39m
[2m11:40:21 PM[22m [36m[1m[vite][22m[39m server restarted.
[2m11:43:04 PM[22m [36m[1m[vite][22m[39m [32m.env changed, restarting server...[39m
[2m11:43:04 PM[22m [36m[1m[vite][22m[39m [90m[2m(client)[22m[39m Re-optimizing dependencies because vite config has changed
[2m11:43:04 PM[22m [36m[1m[vite][22m[39m server restarted.
[2m11:43:25 PM[22m [36m[1m[vite][22m[39m [32m.env changed, restarting server...[39m
[2m11:43:25 PM[22m [36m[1m[vite][22m[39m server restarted.
[2m11:44:06 PM[22m [36m[1m[vite][22m[39m [32m.env changed, restarting server...[39m
[2m11:44:06 PM[22m [36m[1m[vite][22m[39m [90m[2m(client)[22m[39m Re-optimizing dependencies because vite config has changed
[2m11:44:06 PM[22m [36m[1m[vite][22m[39m server restarted.
[2m11:44:17 PM[22m [36m[1m[vite][22m[39m [32m.env changed, restarting server...[39m
[2m11:44:17 PM[22m [36m[1m[vite][22m[39m server restarted.
[2m11:45:12 PM[22m [36m[1m[vite][22m[39m [32m.env changed, restarting server...[39m
[2m11:45:12 PM[22m [36m[1m[vite][22m[39m [90m[2m(client)[22m[39m Re-optimizing dependencies because vite config has changed
[2m11:45:12 PM[22m [36m[1m[vite][22m[39m server restarted.
[2m11:47:36 PM[22m [36m[1m[vite][22m[39m [32mvite.config.js changed, restarting server...[39m
[2m11:47:36 PM[22m [36m[1m[vite][22m[39m server restarted.
[2m11:47:53 PM[22m [36m[1m[vite][22m[39m [32mvite.config.js changed, restarting server...[39m
[2m11:47:54 PM[22m [36m[1m[vite][22m[39m [90m[2m(client)[22m[39m Re-optimizing dependencies because vite config has changed
[2m11:47:54 PM[22m [36m[1m[vite][22m[39m server restarted.
[2m11:48:18 PM[22m [36m[1m[vite][22m[39m [32m.env changed, restarting server...[39m
[2m11:48:18 PM[22m [36m[1m[vite][22m[39m server restarted.
[2m11:49:28 PM[22m [36m[1m[vite][22m[39m [32m.env changed, restarting server...[39m
[2m11:49:28 PM[22m [36m[1m[vite][22m[39m [90m[2m(client)[22m[39m Re-optimizing dependencies because vite config has changed
[2m11:49:28 PM[22m [36m[1m[vite][22m[39m server restarted.
[2m11:50:39 PM[22m [36m[1m[vite][22m[39m [32m.env changed, restarting server...[39m
[2m11:50:39 PM[22m [36m[1m[vite][22m[39m server restarted.
[2m11:55:01 PM[22m [36m[1m[vite][22m[39m [32mvite.config.js changed, restarting server...[39m
[2m11:55:01 PM[22m [36m[1m[vite][22m[39m [90m[2m(client)[22m[39m Re-optimizing dependencies because vite config has changed
[2m11:55:01 PM[22m [36m[1m[vite][22m[39m server restarted.
[2m11:55:19 PM[22m [36m[1m[vite][22m[39m [32mvite.config.js changed, restarting server...[39m
[2m11:55:19 PM[22m [36m[1m[vite][22m[39m [90m[2m(client)[22m[39m Re-optimizing dependencies because vite config has changed
[2m11:55:19 PM[22m [36m[1m[vite][22m[39m server restarted.
[2m11:55:40 PM[22m [36m[1m[vite][22m[39m [32mvite.config.js changed, restarting server...[39m
[2m11:55:40 PM[22m [36m[1m[vite][22m[39m server restarted.
[2m11:56:02 PM[22m [36m[1m[vite][22m[39m [32m.env changed, restarting server...[39m
[2m11:56:02 PM[22m [36m[1m[vite][22m[39m [90m[2m(client)[22m[39m Re-optimizing dependencies because vite config has changed
[2m11:56:02 PM[22m [36m[1m[vite][22m[39m server restarted.
[2m11:58:03 PM[22m [36m[1m[vite][22m[39m [32mvite.config.js changed, restarting server...[39m
[2m11:58:03 PM[22m [36m[1m[vite][22m[39m server restarted.
[2m11:58:15 PM[22m [36m[1m[vite][22m[39m [32mvite.config.js changed, restarting server...[39m
[2m11:58:15 PM[22m [36m[1m[vite][22m[39m [90m[2m(client)[22m[39m Re-optimizing dependencies because vite config has changed
[2m11:58:15 PM[22m [36m[1m[vite][22m[39m server restarted.
[2m11:58:23 PM[22m [36m[1m[vite][22m[39m [32mvite.config.js changed, restarting server...[39m
[2m11:58:23 PM[22m [36m[1m[vite][22m[39m server restarted.
[2m11:58:30 PM[22m [36m[1m[vite][22m[39m [32mvite.config.js changed, restarting server...[39m
[2m11:58:30 PM[22m [36m[1m[vite][22m[39m [90m[2m(client)[22m[39m Re-optimizing dependencies because vite config has changed
[2m11:58:30 PM[22m [36m[1m[vite][22m[39m server restarted.
[2m11:58:37 PM[22m [36m[1m[vite][22m[39m [32m.env changed, restarting server...[39m
[2m11:58:37 PM[22m [36m[1m[vite][22m[39m server restarted.
[2m12:01:10 AM[22m [36m[1m[vite][22m[39m [32mvite.config.js changed, restarting server...[39m
[2m12:01:11 AM[22m [36m[1m[vite][22m[39m [90m[2m(client)[22m[39m Re-optimizing dependencies because vite config has changed
[2m12:01:11 AM[22m [36m[1m[vite][22m[39m server restarted.
[2m12:01:19 AM[22m [36m[1m[vite][22m[39m [32m.env changed, restarting server...[39m
[2m12:01:19 AM[22m [36m[1m[vite][22m[39m [90m[2m(client)[22m[39m Re-optimizing dependencies because vite config has changed
[2m12:01:19 AM[22m [36m[1m[vite][22m[39m server restarted.
[2m12:01:37 AM[22m [36m[1m[vite][22m[39m [32mvite.config.js changed, restarting server...[39m
[2m12:01:38 AM[22m [36m[1m[vite][22m[39m [90m[2m(client)[22m[39m Re-optimizing dependencies because vite config has changed
[2m12:01:38 AM[22m [36m[1m[vite][22m[39m server restarted.
[2m12:11:17 AM[22m [36m[1m[vite][22m[39m [32mvite.config.js changed, restarting server...[39m
[2m12:11:17 AM[22m [36m[1m[vite][22m[39m [90m[2m(client)[22m[39m Re-optimizing dependencies because vite config has changed
[2m12:11:17 AM[22m [36m[1m[vite][22m[39m server restarted.
[2m12:11:28 AM[22m [36m[1m[vite][22m[39m [32mvite.config.js changed, restarting server...[39m
[2m12:11:28 AM[22m [36m[1m[vite][22m[39m server restarted.
[2m12:11:40 AM[22m [36m[1m[vite][22m[39m [32mvite.config.js changed, restarting server...[39m
[2m12:11:40 AM[22m [36m[1m[vite][22m[39m [90m[2m(client)[22m[39m Re-optimizing dependencies because vite config has changed
[2m12:11:40 AM[22m [36m[1m[vite][22m[39m server restarted.
[2m12:11:59 AM[22m [36m[1m[vite][22m[39m [32mvite.config.js changed, restarting server...[39m
[2m12:11:59 AM[22m [36m[1m[vite][22m[39m server restarted.
[2m12:12:21 AM[22m [36m[1m[vite][22m[39m [90m[2m(client)[22m[39m [32mpage reload [39m[2mindex.html[22m
[2m12:16:34 AM[22m [36m[1m[vite][22m[39m [32mvite.config.js changed, restarting server...[39m
[2m12:16:34 AM[22m [36m[1m[vite][22m[39m [90m[2m(client)[22m[39m Re-optimizing dependencies because vite config has changed
[2m12:16:34 AM[22m [36m[1m[vite][22m[39m server restarted.
[2m12:16:48 AM[22m [36m[1m[vite][22m[39m [32mvite.config.js changed, restarting server...[39m
[2m12:16:49 AM[22m [36m[1m[vite][22m[39m [90m[2m(client)[22m[39m Re-optimizing dependencies because vite config has changed
[2m12:16:49 AM[22m [36m[1m[vite][22m[39m server restarted.
[2m12:20:54 AM[22m [36m[1m[vite][22m[39m [90m[2m(client)[22m[39m [32mhmr update [39m[2m/styles.css?direct[22m
[2m12:21:12 AM[22m [36m[1m[vite][22m[39m [90m[2m(client)[22m[39m [32mhmr update [39m[2m/styles.css?direct[22m
[2m12:21:13 AM[22m [36m[1m[vite][22m[39m [90m[2m(client)[22m[39m [32mhmr update [39m[2m/styles.css?direct[22m
[2m12:21:26 AM[22m [36m[1m[vite][22m[39m [90m[2m(client)[22m[39m [32mhmr update [39m[2m/styles.css?direct[22m
[2m12:21:53 AM[22m [36m[1m[vite][22m[39m [90m[2m(client)[22m[39m [32mpage reload [39m[2mindex.html[22m
[2m12:21:55 AM[22m [36m[1m[vite][22m[39m [90m[2m(client)[22m[39m [32mpage reload [39m[2mindex.html[22m
[2m12:22:36 AM[22m [36m[1m[vite][22m[39m [90m[2m(client)[22m[39m [32mpage reload [39m[2mindex.html[22m
[2m12:23:01 AM[22m [36m[1m[vite][22m[39m [90m[2m(client)[22m[39m [32mpage reload [39m[2msrc/3dcitydb.js[22m
[2m12:23:47 AM[22m [36m[1m[vite][22m[39m [90m[2m(client)[22m[39m [32mpage reload [39m[2mindex2.html[22m
[2m12:43:51 AM[22m [36m[1m[vite][22m[39m [32mvite.config.js changed, restarting server...[39m
[2m12:43:51 AM[22m [36m[1m[vite][22m[39m server restarted.
[2m12:44:11 AM[22m [36m[1m[vite][22m[39m [32mvite.config.js changed, restarting server...[39m
[2m12:44:11 AM[22m [36m[1m[vite][22m[39m [90m[2m(client)[22m[39m Re-optimizing dependencies because vite config has changed
[2m12:44:12 AM[22m [36m[1m[vite][22m[39m server restarted.
[2m12:44:20 AM[22m [36m[1m[vite][22m[39m [32mvite.config.js changed, restarting server...[39m
[2m12:44:20 AM[22m [36m[1m[vite][22m[39m server restarted.
[2m12:48:07 AM[22m [36m[1m[vite][22m[39m [32mvite.config.js changed, restarting server...[39m
[2m12:48:08 AM[22m [36m[1m[vite][22m[39m [90m[2m(client)[22m[39m Re-optimizing dependencies because vite config has changed
[2m12:48:08 AM[22m [36m[1m[vite][22m[39m server restarted.
[2m12:54:59 AM[22m [36m[1m[vite][22m[39m [32mvite.config.js changed, restarting server...[39m
[2m12:54:59 AM[22m [36m[1m[vite][22m[39m [90m[2m(client)[22m[39m Re-optimizing dependencies because vite config has changed
[2m12:54:59 AM[22m [36m[1m[vite][22m[39m server restarted.
[2m12:59:53 AM[22m [36m[1m[vite][22m[39m [32mvite.config.js changed, restarting server...[39m
[2m12:59:53 AM[22m [36m[1m[vite][22m[39m server restarted.
[2m1:05:15 AM[22m [36m[1m[vite][22m[39m [32mvite.config.js changed, restarting server...[39m
[2m1:05:15 AM[22m [36m[1m[vite][22m[39m [90m[2m(client)[22m[39m Re-optimizing dependencies because vite config has changed
[2m1:05:15 AM[22m [36m[1m[vite][22m[39m server restarted.
[2m1:12:10 AM[22m [36m[1m[vite][22m[39m [90m[2m(client)[22m[39m [32mpage reload [39m[2msrc/3dcitydb.js[22m
[2m1:12:19 AM[22m [36m[1m[vite][22m[39m [90m[2m(client)[22m[39m [32mpage reload [39m[2msrc/3dcitydb.js[22m
[2m1:18:17 AM[22m [36m[1m[vite][22m[39m [90m[2m(client)[22m[39m [32mpage reload [39m[2msrc/3dcitydb.js[22m
[2m1:23:32 AM[22m [36m[1m[vite][22m[39m [32mvite.config.js changed, restarting server...[39m
[2m1:23:33 AM[22m [36m[1m[vite][22m[39m [90m[2m(client)[22m[39m Re-optimizing dependencies because vite config has changed
[2m1:23:33 AM[22m [36m[1m[vite][22m[39m server restarted.
[2m1:23:44 AM[22m [36m[1m[vite][22m[39m [32mvite.config.js changed, restarting server...[39m
[2m1:23:44 AM[22m [36m[1m[vite][22m[39m server restarted.
[2m1:23:53 AM[22m [36m[1m[vite][22m[39m [32m.env changed, restarting server...[39m
[2m1:23:53 AM[22m [36m[1m[vite][22m[39m [90m[2m(client)[22m[39m Re-optimizing dependencies because vite config has changed
[2m1:23:53 AM[22m [36m[1m[vite][22m[39m server restarted.
[2m1:30:29 AM[22m [36m[1m[vite][22m[39m [32m.env changed, restarting server...[39m
[2m1:30:29 AM[22m [36m[1m[vite][22m[39m server restarted.
